Using pre-set license
Built from '2021.3/staging' branch; Version is '2021.3.18f1 (3129e69bc0c7) revision 3221990'; Using compiler version '192829333'; Build Type 'Release'
OS: 'Windows 11  (10.0.22621) 64bit Core' Language: 'en' Physical Memory: 16226 MB
BatchMode: 1, IsHumanControllingUs: 0, StartBugReporterOnCrash: 0, Is64bit: 1, IsPro: 1

COMMAND LINE ARGUMENTS:
C:\Program Files\Unity\Hub\Editor\2021.3.18f1\Editor\Unity.exe
-adb2
-batchMode
-noUpm
-name
AssetImportWorker10
-projectPath
C:/Users/Taiki/Documents/GitHub/Experimental-Games/ExperimentalGames
-logFile
Logs/AssetImportWorker10.log
-srvPort
55654
Successfully changed project path to: C:/Users/Taiki/Documents/GitHub/Experimental-Games/ExperimentalGames
C:/Users/Taiki/Documents/GitHub/Experimental-Games/ExperimentalGames
[UnityMemory] Configuration Parameters - Can be set up in boot.config
    "memorysetup-bucket-allocator-granularity=16"
    "memorysetup-bucket-allocator-bucket-count=8"
    "memorysetup-bucket-allocator-block-size=33554432"
    "memorysetup-bucket-allocator-block-count=8"
    "memorysetup-main-allocator-block-size=16777216"
    "memorysetup-thread-allocator-block-size=16777216"
    "memorysetup-gfx-main-allocator-block-size=16777216"
    "memorysetup-gfx-thread-allocator-block-size=16777216"
    "memorysetup-cache-allocator-block-size=4194304"
    "memorysetup-typetree-allocator-block-size=2097152"
    "memorysetup-profiler-bucket-allocator-granularity=16"
    "memorysetup-profiler-bucket-allocator-bucket-count=8"
    "memorysetup-profiler-bucket-allocator-block-size=33554432"
    "memorysetup-profiler-bucket-allocator-block-count=8"
    "memorysetup-profiler-allocator-block-size=16777216"
    "memorysetup-profiler-editor-allocator-block-size=1048576"
    "memorysetup-temp-allocator-size-main=16777216"
    "memorysetup-job-temp-allocator-block-size=2097152"
    "memorysetup-job-temp-allocator-block-size-background=1048576"
    "memorysetup-job-temp-allocator-reduction-small-platforms=262144"
    "memorysetup-temp-allocator-size-background-worker=32768"
    "memorysetup-temp-allocator-size-job-worker=262144"
    "memorysetup-temp-allocator-size-preload-manager=33554432"
    "memorysetup-temp-allocator-size-nav-mesh-worker=65536"
    "memorysetup-temp-allocator-size-audio-worker=65536"
    "memorysetup-temp-allocator-size-cloud-worker=32768"
    "memorysetup-temp-allocator-size-gi-baking-worker=262144"
    "memorysetup-temp-allocator-size-gfx=262144"
Player connection [53852] Host "[IP] 192.168.1.3 [Port] 0 [Flags] 2 [Guid] 4233526350 [EditorId] 4233526350 [Version] 1048832 [Id] WindowsEditor(7,Mauis-Laptop) [Debug] 1 [PackageName] WindowsEditor [ProjectName] Editor" joined multi-casting on [225.0.0.222:54997]...

Player connection [53852] Host "[IP] 192.168.1.3 [Port] 0 [Flags] 2 [Guid] 4233526350 [EditorId] 4233526350 [Version] 1048832 [Id] WindowsEditor(7,Mauis-Laptop) [Debug] 1 [PackageName] WindowsEditor [ProjectName] Editor" joined alternative multi-casting on [225.0.0.222:34997]...

Refreshing native plugins compatible for Editor in 117.66 ms, found 4 plugins.
Preloading 0 native plugins for Editor in 0.00 ms.
Initialize engine version: 2021.3.18f1 (3129e69bc0c7)
[Subsystems] Discovering subsystems at path C:/Program Files/Unity/Hub/Editor/2021.3.18f1/Editor/Data/Resources/UnitySubsystems
[Subsystems] Discovering subsystems at path C:/Users/Taiki/Documents/GitHub/Experimental-Games/ExperimentalGames/Assets
GfxDevice: creating device client; threaded=0; jobified=0
Direct3D:
    Version:  Direct3D 11.0 [level 11.1]
    Renderer: NVIDIA GeForce GTX 1650 (ID=0x1f91)
    Vendor:   NVIDIA
    VRAM:     3962 MB
    Driver:   30.0.15.1165
Initialize mono
Mono path[0] = 'C:/Program Files/Unity/Hub/Editor/2021.3.18f1/Editor/Data/Managed'
Mono path[1] = 'C:/Program Files/Unity/Hub/Editor/2021.3.18f1/Editor/Data/MonoBleedingEdge/lib/mono/unityjit-win32'
Mono config path = 'C:/Program Files/Unity/Hub/Editor/2021.3.18f1/Editor/Data/MonoBleedingEdge/etc'
Using monoOptions --debugger-agent=transport=dt_socket,embedding=1,server=y,suspend=n,address=127.0.0.1:56108
Begin MonoManager ReloadAssembly
Registering precompiled unity dll's ...
Register platform support module: C:/Program Files/Unity/Hub/Editor/2021.3.18f1/Editor/Data/PlaybackEngines/WindowsStandaloneSupport/UnityEditor.WindowsStandalone.Extensions.dll
Registered in 0.008381 seconds.
Native extension for WindowsStandalone target not found
Refreshing native plugins compatible for Editor in 120.14 ms, found 4 plugins.
Preloading 0 native plugins for Editor in 0.00 ms.
Mono: successfully reloaded assembly
- Completed reload, in  0.831 seconds
Domain Reload Profiling:
	ReloadAssembly (832ms)
		BeginReloadAssembly (94ms)
			ExecutionOrderSort (0ms)
			DisableScriptedObjects (0ms)
			BackupInstance (0ms)
			ReleaseScriptingObjects (0ms)
			CreateAndSetChildDomain (1ms)
		EndReloadAssembly (580ms)
			LoadAssemblies (91ms)
			RebuildTransferFunctionScriptingTraits (0ms)
			SetupTypeCache (137ms)
			ReleaseScriptCaches (0ms)
			RebuildScriptCaches (41ms)
			SetupLoadedEditorAssemblies (340ms)
				LogAssemblyErrors (0ms)
				InitializePlatformSupportModulesInManaged (13ms)
				SetLoadedEditorAssemblies (0ms)
				RefreshPlugins (120ms)
				BeforeProcessingInitializeOnLoad (1ms)
				ProcessInitializeOnLoadAttributes (154ms)
				ProcessInitializeOnLoadMethodAttributes (51ms)
				AfterProcessingInitializeOnLoad (0ms)
				EditorAssembliesLoaded (0ms)
			ExecutionOrderSort2 (0ms)
			AwakeInstancesAfterBackupRestoration (0ms)
Platform modules already initialized, skipping
Registering precompiled user dll's ...
Registered in 0.010371 seconds.
Begin MonoManager ReloadAssembly
Native extension for WindowsStandalone target not found
Refreshing native plugins compatible for Editor in 100.32 ms, found 4 plugins.
Preloading 0 native plugins for Editor in 0.00 ms.
Mono: successfully reloaded assembly
- Completed reload, in  1.554 seconds
Domain Reload Profiling:
	ReloadAssembly (1555ms)
		BeginReloadAssembly (134ms)
			ExecutionOrderSort (0ms)
			DisableScriptedObjects (8ms)
			BackupInstance (0ms)
			ReleaseScriptingObjects (0ms)
			CreateAndSetChildDomain (24ms)
		EndReloadAssembly (1295ms)
			LoadAssemblies (94ms)
			RebuildTransferFunctionScriptingTraits (0ms)
			SetupTypeCache (318ms)
			ReleaseScriptCaches (1ms)
			RebuildScriptCaches (71ms)
			SetupLoadedEditorAssemblies (736ms)
				LogAssemblyErrors (0ms)
				InitializePlatformSupportModulesInManaged (5ms)
				SetLoadedEditorAssemblies (0ms)
				RefreshPlugins (100ms)
				BeforeProcessingInitializeOnLoad (127ms)
				ProcessInitializeOnLoadAttributes (448ms)
				ProcessInitializeOnLoadMethodAttributes (45ms)
				AfterProcessingInitializeOnLoad (11ms)
				EditorAssembliesLoaded (0ms)
			ExecutionOrderSort2 (0ms)
			AwakeInstancesAfterBackupRestoration (8ms)
Platform modules already initialized, skipping
========================================================================
Worker process is ready to serve import requests
Launched and connected shader compiler UnityShaderCompiler.exe after 0.06 seconds
Refreshing native plugins compatible for Editor in 0.80 ms, found 4 plugins.
Preloading 0 native plugins for Editor in 0.00 ms.
Unloading 3765 Unused Serialized files (Serialized files now loaded: 0)
Unloading 40 unused Assets / (185.8 KB). Loaded Objects now: 4221.
Memory consumption went from 145.5 MB to 145.4 MB.
Total: 4.800900 ms (FindLiveObjects: 0.296800 ms CreateObjectMapping: 0.203900 ms MarkObjects: 4.107100 ms  DeleteObjects: 0.192300 ms)

AssetImportParameters requested are different than current active one (requested -> active):
  custom:video-decoder-ogg-theora: a1e56fd34408186e4bbccfd4996cb3dc -> 
  custom:container-muxer-webm: aa71ff27fc2769a1b78a27578f13a17b -> 
  custom:container-demuxer-webm: 4f35f7cbe854078d1ac9338744f61a02 -> 
  custom:video-encoder-webm-vp8: eb34c28f22e8b96e1ab97ce403110664 -> 
  custom:audio-encoder-webm-vorbis: bf7c407c2cedff20999df2af8eb42d56 -> 
  custom:framework-win-MediaFoundation: 216162199b28c13a410421893ffa2e32 -> 
  custom:container-demuxer-ogg: 62fdf1f143b41e24485cea50d1cbac27 -> 
  custom:video-decoder-webm-vp8: 9c59270c3fd7afecdb556c50c9e8de78 -> 
  custom:audio-decoder-ogg-vorbis: bf7c407c2cedff20999df2af8eb42d56 -> 
========================================================================
Received Import Request.
  Time since last request: 81884.707338 seconds.
  path: Assets/Prefabs/TestPrefabs/Pikeman.prefab
  artifactKey: Guid(6a4a592b85d005f498df11c06fdf92a5) Importer(815301076,1909f56bfc062723c751e8b465ee728b)
Start importing Assets/Prefabs/TestPrefabs/Pikeman.prefab using Guid(6a4a592b85d005f498df11c06fdf92a5) Importer(815301076,1909f56bfc062723c751e8b465ee728b)  -> (artifact id: 'da58ed17f8100be34b3e68aad1c3ad3b') in 0.115934 seconds 
========================================================================
Received Import Request.
  Time since last request: 7.173515 seconds.
  path: Assets/Prefabs/TestPrefabs/Cleric.prefab
  artifactKey: Guid(4e2f82884a635054eba19137cdf9b3e2) Importer(815301076,1909f56bfc062723c751e8b465ee728b)
Start importing Assets/Prefabs/TestPrefabs/Cleric.prefab using Guid(4e2f82884a635054eba19137cdf9b3e2) Importer(815301076,1909f56bfc062723c751e8b465ee728b)  -> (artifact id: '1e6d06516363d58ffe13dc3104c91933') in 0.032065 seconds 
========================================================================
Received Import Request.
  Time since last request: 2.829335 seconds.
  path: Assets/Prefabs/TestPrefabs/Crossbowman.prefab
  artifactKey: Guid(b2f946d50be64144997c38227f1086a1) Importer(815301076,1909f56bfc062723c751e8b465ee728b)
Start importing Assets/Prefabs/TestPrefabs/Crossbowman.prefab using Guid(b2f946d50be64144997c38227f1086a1) Importer(815301076,1909f56bfc062723c751e8b465ee728b)  -> (artifact id: '1aab12a4c95fb4f758756ad0d2d91124') in 0.025467 seconds 
========================================================================
Received Import Request.
  Time since last request: 4.259385 seconds.
  path: Assets/Prefabs/TestPrefabs/Cleric.prefab
  artifactKey: Guid(4e2f82884a635054eba19137cdf9b3e2) Importer(815301076,1909f56bfc062723c751e8b465ee728b)
Start importing Assets/Prefabs/TestPrefabs/Cleric.prefab using Guid(4e2f82884a635054eba19137cdf9b3e2) Importer(815301076,1909f56bfc062723c751e8b465ee728b)  -> (artifact id: '346adedf9a26ce5e800dcc86effac71d') in 0.018847 seconds 
========================================================================
Received Import Request.
  Time since last request: 5.312974 seconds.
  path: Assets/Prefabs/TestPrefabs/Bandit.prefab
  artifactKey: Guid(4c04664861bc3f045a7d8e33779fe2f6) Importer(815301076,1909f56bfc062723c751e8b465ee728b)
Start importing Assets/Prefabs/TestPrefabs/Bandit.prefab using Guid(4c04664861bc3f045a7d8e33779fe2f6) Importer(815301076,1909f56bfc062723c751e8b465ee728b)  -> (artifact id: '5f607a9b19639e946d7319ec95078500') in 0.011614 seconds 
========================================================================
Received Prepare
Registering precompiled user dll's ...
Registered in 0.015651 seconds.
Begin MonoManager ReloadAssembly
Native extension for WindowsStandalone target not found
Refreshing native plugins compatible for Editor in 0.93 ms, found 4 plugins.
Preloading 0 native plugins for Editor in 0.00 ms.
Mono: successfully reloaded assembly
- Completed reload, in  2.060 seconds
Domain Reload Profiling:
	ReloadAssembly (2061ms)
		BeginReloadAssembly (179ms)
			ExecutionOrderSort (0ms)
			DisableScriptedObjects (17ms)
			BackupInstance (0ms)
			ReleaseScriptingObjects (0ms)
			CreateAndSetChildDomain (45ms)
		EndReloadAssembly (1709ms)
			LoadAssemblies (132ms)
			RebuildTransferFunctionScriptingTraits (0ms)
			SetupTypeCache (454ms)
			ReleaseScriptCaches (2ms)
			RebuildScriptCaches (82ms)
			SetupLoadedEditorAssemblies (923ms)
				LogAssemblyErrors (0ms)
				InitializePlatformSupportModulesInManaged (23ms)
				SetLoadedEditorAssemblies (1ms)
				RefreshPlugins (1ms)
				BeforeProcessingInitializeOnLoad (145ms)
				ProcessInitializeOnLoadAttributes (670ms)
				ProcessInitializeOnLoadMethodAttributes (66ms)
				AfterProcessingInitializeOnLoad (15ms)
				EditorAssembliesLoaded (0ms)
			ExecutionOrderSort2 (0ms)
			AwakeInstancesAfterBackupRestoration (17ms)
Platform modules already initialized, skipping
Refreshing native plugins compatible for Editor in 6.02 ms, found 4 plugins.
Preloading 0 native plugins for Editor in 0.00 ms.
Unloading 3746 Unused Serialized files (Serialized files now loaded: 0)
Unloading 27 unused Assets / (152.2 KB). Loaded Objects now: 4232.
Memory consumption went from 148.1 MB to 147.9 MB.
Total: 5.914500 ms (FindLiveObjects: 0.337000 ms CreateObjectMapping: 0.222500 ms MarkObjects: 5.182500 ms  DeleteObjects: 0.171100 ms)

AssetImportParameters requested are different than current active one (requested -> active):
  custom:video-decoder-ogg-theora: a1e56fd34408186e4bbccfd4996cb3dc -> 
  custom:container-muxer-webm: aa71ff27fc2769a1b78a27578f13a17b -> 
  custom:container-demuxer-webm: 4f35f7cbe854078d1ac9338744f61a02 -> 
  custom:video-encoder-webm-vp8: eb34c28f22e8b96e1ab97ce403110664 -> 
  custom:audio-encoder-webm-vorbis: bf7c407c2cedff20999df2af8eb42d56 -> 
  custom:framework-win-MediaFoundation: 216162199b28c13a410421893ffa2e32 -> 
  custom:container-demuxer-ogg: 62fdf1f143b41e24485cea50d1cbac27 -> 
  custom:video-decoder-webm-vp8: 9c59270c3fd7afecdb556c50c9e8de78 -> 
  custom:audio-decoder-ogg-vorbis: bf7c407c2cedff20999df2af8eb42d56 -> 
========================================================================
Received Import Request.
  Time since last request: 40.314271 seconds.
  path: Assets/Prefabs/TestPrefabs/Bandit.prefab
  artifactKey: Guid(4c04664861bc3f045a7d8e33779fe2f6) Importer(815301076,1909f56bfc062723c751e8b465ee728b)
Start importing Assets/Prefabs/TestPrefabs/Bandit.prefab using Guid(4c04664861bc3f045a7d8e33779fe2f6) Importer(815301076,1909f56bfc062723c751e8b465ee728b)  -> (artifact id: 'fc0edbaf3e63b26b1e99b64587693e06') in 0.064898 seconds 
========================================================================
Received Import Request.
  Time since last request: 2.151410 seconds.
  path: Assets/Prefabs/TestPrefabs/Bandit.prefab
  artifactKey: Guid(4c04664861bc3f045a7d8e33779fe2f6) Importer(815301076,1909f56bfc062723c751e8b465ee728b)
Start importing Assets/Prefabs/TestPrefabs/Bandit.prefab using Guid(4c04664861bc3f045a7d8e33779fe2f6) Importer(815301076,1909f56bfc062723c751e8b465ee728b)  -> (artifact id: '050b001138a1f3b0212413b343af1c09') in 0.015308 seconds 
========================================================================
Received Import Request.
  Time since last request: 1.599919 seconds.
  path: Assets/Prefabs/TestPrefabs/Bandit.prefab
  artifactKey: Guid(4c04664861bc3f045a7d8e33779fe2f6) Importer(815301076,1909f56bfc062723c751e8b465ee728b)
Start importing Assets/Prefabs/TestPrefabs/Bandit.prefab using Guid(4c04664861bc3f045a7d8e33779fe2f6) Importer(815301076,1909f56bfc062723c751e8b465ee728b)  -> (artifact id: 'f09e783a87b099d2b22f7ecfe4f419b7') in 0.012486 seconds 
========================================================================
Received Import Request.
  Time since last request: 1.691055 seconds.
  path: Assets/Prefabs/TestPrefabs/Bandit.prefab
  artifactKey: Guid(4c04664861bc3f045a7d8e33779fe2f6) Importer(815301076,1909f56bfc062723c751e8b465ee728b)
Start importing Assets/Prefabs/TestPrefabs/Bandit.prefab using Guid(4c04664861bc3f045a7d8e33779fe2f6) Importer(815301076,1909f56bfc062723c751e8b465ee728b)  -> (artifact id: '7d520430706627e0137cae8c4d06dba7') in 0.011204 seconds 
========================================================================
Received Import Request.
  Time since last request: 11.471487 seconds.
  path: Assets/R_Assets/Prefabs/Foes
  artifactKey: Guid(9a3e299f869ed084c998f67da1f8c873) Importer(815301076,1909f56bfc062723c751e8b465ee728b)
Start importing Assets/R_Assets/Prefabs/Foes using Guid(9a3e299f869ed084c998f67da1f8c873) Importer(815301076,1909f56bfc062723c751e8b465ee728b)  -> (artifact id: '803a3e6e3b5a07c2fdc2e8f4849d034e') in 0.012919 seconds 
========================================================================
Received Import Request.
  Time since last request: 0.039441 seconds.
  path: Assets/R_Assets/Prefabs/Foes/Foe - Bandit.prefab
  artifactKey: Guid(2fb08f198985bd44c96c59973c2630c4) Importer(815301076,1909f56bfc062723c751e8b465ee728b)
Start importing Assets/R_Assets/Prefabs/Foes/Foe - Bandit.prefab using Guid(2fb08f198985bd44c96c59973c2630c4) Importer(815301076,1909f56bfc062723c751e8b465ee728b)  -> (artifact id: 'df661df776ba6a836a64ecd554f70c2c') in 0.017563 seconds 
========================================================================
Received Import Request.
  Time since last request: 0.000023 seconds.
  path: Assets/R_Assets/Prefabs/Foes/Foe - Skeleton.prefab
  artifactKey: Guid(ad00811903ebe2947838d96ed803b9b8) Importer(815301076,1909f56bfc062723c751e8b465ee728b)
Start importing Assets/R_Assets/Prefabs/Foes/Foe - Skeleton.prefab using Guid(ad00811903ebe2947838d96ed803b9b8) Importer(815301076,1909f56bfc062723c751e8b465ee728b)  -> (artifact id: '5d08690808aa9628668b4ec8b99e2106') in 0.033053 seconds 
========================================================================
Received Import Request.
  Time since last request: 0.000022 seconds.
  path: Assets/R_Assets/Prefabs/Foes/Foe - Zombie.prefab
  artifactKey: Guid(a337a7d85c437b048900c10dde4046b7) Importer(815301076,1909f56bfc062723c751e8b465ee728b)
Start importing Assets/R_Assets/Prefabs/Foes/Foe - Zombie.prefab using Guid(a337a7d85c437b048900c10dde4046b7) Importer(815301076,1909f56bfc062723c751e8b465ee728b)  -> (artifact id: 'c64334dac23c6def690ea418040e7251') in 0.029093 seconds 
========================================================================
Received Import Request.
  Time since last request: 129.188369 seconds.
  path: Assets/Prefabs/TestPrefabs/Bandit.prefab
  artifactKey: Guid(4c04664861bc3f045a7d8e33779fe2f6) Importer(815301076,1909f56bfc062723c751e8b465ee728b)
Start importing Assets/Prefabs/TestPrefabs/Bandit.prefab using Guid(4c04664861bc3f045a7d8e33779fe2f6) Importer(815301076,1909f56bfc062723c751e8b465ee728b)  -> (artifact id: '6dfdccd3e81cd301a84106c1b1977a46') in 0.019875 seconds 
========================================================================
Received Import Request.
  Time since last request: 11.394849 seconds.
  path: Assets/Prefabs/TestPrefabs/Cleric.prefab
  artifactKey: Guid(4e2f82884a635054eba19137cdf9b3e2) Importer(815301076,1909f56bfc062723c751e8b465ee728b)
Start importing Assets/Prefabs/TestPrefabs/Cleric.prefab using Guid(4e2f82884a635054eba19137cdf9b3e2) Importer(815301076,1909f56bfc062723c751e8b465ee728b)  -> (artifact id: '681f9b57e7110fc8166993b5b4e41dd6') in 0.017561 seconds 
========================================================================
Received Import Request.
  Time since last request: 18.500146 seconds.
  path: Assets/Prefabs/TestPrefabs/Bandit.prefab
  artifactKey: Guid(4c04664861bc3f045a7d8e33779fe2f6) Importer(815301076,1909f56bfc062723c751e8b465ee728b)
Start importing Assets/Prefabs/TestPrefabs/Bandit.prefab using Guid(4c04664861bc3f045a7d8e33779fe2f6) Importer(815301076,1909f56bfc062723c751e8b465ee728b)  -> (artifact id: '1f06a48013c9241756ddfe9b16c43c94') in 0.016577 seconds 
========================================================================
Received Import Request.
  Time since last request: 1.583193 seconds.
  path: Assets/Prefabs/TestPrefabs/Bandit.prefab
  artifactKey: Guid(4c04664861bc3f045a7d8e33779fe2f6) Importer(815301076,1909f56bfc062723c751e8b465ee728b)
Start importing Assets/Prefabs/TestPrefabs/Bandit.prefab using Guid(4c04664861bc3f045a7d8e33779fe2f6) Importer(815301076,1909f56bfc062723c751e8b465ee728b)  -> (artifact id: '49d4ccb3cab76f8a01e6695bfd148f57') in 0.018221 seconds 
========================================================================
Received Import Request.
  Time since last request: 2.590588 seconds.
  path: Assets/Prefabs/TestPrefabs/Bandit.prefab
  artifactKey: Guid(4c04664861bc3f045a7d8e33779fe2f6) Importer(815301076,1909f56bfc062723c751e8b465ee728b)
Start importing Assets/Prefabs/TestPrefabs/Bandit.prefab using Guid(4c04664861bc3f045a7d8e33779fe2f6) Importer(815301076,1909f56bfc062723c751e8b465ee728b)  -> (artifact id: 'ec7851154b7ef65b47f48418337a6391') in 0.015872 seconds 
========================================================================
Received Import Request.
  Time since last request: 28.543736 seconds.
  path: Assets/Prefabs/TestPrefabs/Bandit.prefab
  artifactKey: Guid(4c04664861bc3f045a7d8e33779fe2f6) Importer(815301076,1909f56bfc062723c751e8b465ee728b)
Start importing Assets/Prefabs/TestPrefabs/Bandit.prefab using Guid(4c04664861bc3f045a7d8e33779fe2f6) Importer(815301076,1909f56bfc062723c751e8b465ee728b)  -> (artifact id: 'f7615418c0493f2b08b77e995b8f130e') in 0.018838 seconds 
========================================================================
Received Import Request.
  Time since last request: 1583.524470 seconds.
  path: Assets/Images/Crossbow_Head.png
  artifactKey: Guid(0d31ddd4c87e71c4c9525662e297d94b) Importer(815301076,1909f56bfc062723c751e8b465ee728b)
Start importing Assets/Images/Crossbow_Head.png using Guid(0d31ddd4c87e71c4c9525662e297d94b) Importer(815301076,1909f56bfc062723c751e8b465ee728b)  -> (artifact id: '62798c3fce4a5593199a7b4b11fd5abb') in 0.085306 seconds 
========================================================================
Received Import Request.
  Time since last request: 225.548249 seconds.
  path: Assets/Scripts
  artifactKey: Guid(e6dc3102839bb6e4a929ca1cfebf1f38) Importer(815301076,1909f56bfc062723c751e8b465ee728b)
Start importing Assets/Scripts using Guid(e6dc3102839bb6e4a929ca1cfebf1f38) Importer(815301076,1909f56bfc062723c751e8b465ee728b)  -> (artifact id: 'c877723fb047d1cd3af33c8e87f48b85') in 0.015483 seconds 
========================================================================
Received Import Request.
  Time since last request: 4.372194 seconds.
  path: Assets/Scripts/Enemy.cs
  artifactKey: Guid(25c39184feecddf45802066e884d08e7) Importer(815301076,1909f56bfc062723c751e8b465ee728b)
Start importing Assets/Scripts/Enemy.cs using Guid(25c39184feecddf45802066e884d08e7) Importer(815301076,1909f56bfc062723c751e8b465ee728b)  -> (artifact id: '108a986ad06d8caefe4865af61feb9f6') in 0.019656 seconds 
========================================================================
Received Import Request.
  Time since last request: 5.557587 seconds.
  path: Assets/Prefabs/AudioPrefabs
  artifactKey: Guid(d7dc457abef1a144ca4f2fc9cd499268) Importer(815301076,1909f56bfc062723c751e8b465ee728b)
Start importing Assets/Prefabs/AudioPrefabs using Guid(d7dc457abef1a144ca4f2fc9cd499268) Importer(815301076,1909f56bfc062723c751e8b465ee728b)  -> (artifact id: 'f96c51c9cb6865c3fbf98c82c72be89c') in 0.011518 seconds 
========================================================================
Received Import Request.
  Time since last request: 71.942843 seconds.
  path: Assets/Prefabs/TestPrefabs/S.prefab
  artifactKey: Guid(140086c473bf9a044aff0407a0be2f8c) Importer(815301076,1909f56bfc062723c751e8b465ee728b)
Start importing Assets/Prefabs/TestPrefabs/S.prefab using Guid(140086c473bf9a044aff0407a0be2f8c) Importer(815301076,1909f56bfc062723c751e8b465ee728b)  -> (artifact id: '4c3ae602da3d0dd196f603caca674231') in 0.048351 seconds 
========================================================================
Received Prepare
Registering precompiled user dll's ...
Registered in 0.017220 seconds.
Begin MonoManager ReloadAssembly
Native extension for WindowsStandalone target not found
Refreshing native plugins compatible for Editor in 0.90 ms, found 4 plugins.
Preloading 0 native plugins for Editor in 0.00 ms.
Mono: successfully reloaded assembly
- Completed reload, in  2.165 seconds
Domain Reload Profiling:
	ReloadAssembly (2166ms)
		BeginReloadAssembly (276ms)
			ExecutionOrderSort (0ms)
			DisableScriptedObjects (16ms)
			BackupInstance (0ms)
			ReleaseScriptingObjects (0ms)
			CreateAndSetChildDomain (111ms)
		EndReloadAssembly (1716ms)
			LoadAssemblies (153ms)
			RebuildTransferFunctionScriptingTraits (0ms)
			SetupTypeCache (462ms)
			ReleaseScriptCaches (2ms)
			RebuildScriptCaches (84ms)
			SetupLoadedEditorAssemblies (911ms)
				LogAssemblyErrors (0ms)
				InitializePlatformSupportModulesInManaged (26ms)
				SetLoadedEditorAssemblies (1ms)
				RefreshPlugins (1ms)
				BeforeProcessingInitializeOnLoad (162ms)
				ProcessInitializeOnLoadAttributes (645ms)
				ProcessInitializeOnLoadMethodAttributes (64ms)
				AfterProcessingInitializeOnLoad (12ms)
				EditorAssembliesLoaded (0ms)
			ExecutionOrderSort2 (0ms)
			AwakeInstancesAfterBackupRestoration (14ms)
Platform modules already initialized, skipping
Refreshing native plugins compatible for Editor in 5.15 ms, found 4 plugins.
Preloading 0 native plugins for Editor in 0.00 ms.
Unloading 3746 Unused Serialized files (Serialized files now loaded: 0)
Unloading 27 unused Assets / (152.4 KB). Loaded Objects now: 4238.
Memory consumption went from 148.2 MB to 148.0 MB.
Total: 6.237600 ms (FindLiveObjects: 0.326400 ms CreateObjectMapping: 0.241100 ms MarkObjects: 5.373900 ms  DeleteObjects: 0.294900 ms)

AssetImportParameters requested are different than current active one (requested -> active):
  custom:video-decoder-ogg-theora: a1e56fd34408186e4bbccfd4996cb3dc -> 
  custom:container-muxer-webm: aa71ff27fc2769a1b78a27578f13a17b -> 
  custom:container-demuxer-webm: 4f35f7cbe854078d1ac9338744f61a02 -> 
  custom:video-encoder-webm-vp8: eb34c28f22e8b96e1ab97ce403110664 -> 
  custom:audio-encoder-webm-vorbis: bf7c407c2cedff20999df2af8eb42d56 -> 
  custom:framework-win-MediaFoundation: 216162199b28c13a410421893ffa2e32 -> 
  custom:container-demuxer-ogg: 62fdf1f143b41e24485cea50d1cbac27 -> 
  custom:video-decoder-webm-vp8: 9c59270c3fd7afecdb556c50c9e8de78 -> 
  custom:audio-decoder-ogg-vorbis: bf7c407c2cedff20999df2af8eb42d56 -> 
========================================================================
Received Prepare
Registering precompiled user dll's ...
Registered in 0.030449 seconds.
Begin MonoManager ReloadAssembly
Native extension for WindowsStandalone target not found
Refreshing native plugins compatible for Editor in 0.85 ms, found 4 plugins.
Preloading 0 native plugins for Editor in 0.00 ms.
Mono: successfully reloaded assembly
- Completed reload, in  2.643 seconds
Domain Reload Profiling:
	ReloadAssembly (2644ms)
		BeginReloadAssembly (299ms)
			ExecutionOrderSort (0ms)
			DisableScriptedObjects (23ms)
			BackupInstance (0ms)
			ReleaseScriptingObjects (0ms)
			CreateAndSetChildDomain (68ms)
		EndReloadAssembly (2025ms)
			LoadAssemblies (228ms)
			RebuildTransferFunctionScriptingTraits (0ms)
			SetupTypeCache (542ms)
			ReleaseScriptCaches (2ms)
			RebuildScriptCaches (117ms)
			SetupLoadedEditorAssemblies (989ms)
				LogAssemblyErrors (0ms)
				InitializePlatformSupportModulesInManaged (34ms)
				SetLoadedEditorAssemblies (1ms)
				RefreshPlugins (1ms)
				BeforeProcessingInitializeOnLoad (165ms)
				ProcessInitializeOnLoadAttributes (715ms)
				ProcessInitializeOnLoadMethodAttributes (56ms)
				AfterProcessingInitializeOnLoad (17ms)
				EditorAssembliesLoaded (0ms)
			ExecutionOrderSort2 (0ms)
			AwakeInstancesAfterBackupRestoration (21ms)
Platform modules already initialized, skipping
Refreshing native plugins compatible for Editor in 4.01 ms, found 4 plugins.
Preloading 0 native plugins for Editor in 0.00 ms.
Unloading 3746 Unused Serialized files (Serialized files now loaded: 0)
Unloading 27 unused Assets / (152.3 KB). Loaded Objects now: 4241.
Memory consumption went from 148.2 MB to 148.0 MB.
Total: 8.553700 ms (FindLiveObjects: 2.674300 ms CreateObjectMapping: 0.544300 ms MarkObjects: 5.120900 ms  DeleteObjects: 0.212100 ms)

AssetImportParameters requested are different than current active one (requested -> active):
  custom:video-decoder-ogg-theora: a1e56fd34408186e4bbccfd4996cb3dc -> 
  custom:container-muxer-webm: aa71ff27fc2769a1b78a27578f13a17b -> 
  custom:container-demuxer-webm: 4f35f7cbe854078d1ac9338744f61a02 -> 
  custom:video-encoder-webm-vp8: eb34c28f22e8b96e1ab97ce403110664 -> 
  custom:audio-encoder-webm-vorbis: bf7c407c2cedff20999df2af8eb42d56 -> 
  custom:framework-win-MediaFoundation: 216162199b28c13a410421893ffa2e32 -> 
  custom:container-demuxer-ogg: 62fdf1f143b41e24485cea50d1cbac27 -> 
  custom:video-decoder-webm-vp8: 9c59270c3fd7afecdb556c50c9e8de78 -> 
  custom:audio-decoder-ogg-vorbis: bf7c407c2cedff20999df2af8eb42d56 -> 
========================================================================
Received Prepare
Registering precompiled user dll's ...
Registered in 0.018042 seconds.
Begin MonoManager ReloadAssembly
Native extension for WindowsStandalone target not found
Refreshing native plugins compatible for Editor in 1.16 ms, found 4 plugins.
Preloading 0 native plugins for Editor in 0.00 ms.
Mono: successfully reloaded assembly
- Completed reload, in  2.773 seconds
Domain Reload Profiling:
	ReloadAssembly (2774ms)
		BeginReloadAssembly (238ms)
			ExecutionOrderSort (0ms)
			DisableScriptedObjects (12ms)
			BackupInstance (0ms)
			ReleaseScriptingObjects (0ms)
			CreateAndSetChildDomain (66ms)
		EndReloadAssembly (2331ms)
			LoadAssemblies (170ms)
			RebuildTransferFunctionScriptingTraits (0ms)
			SetupTypeCache (445ms)
			ReleaseScriptCaches (4ms)
			RebuildScriptCaches (128ms)
			SetupLoadedEditorAssemblies (1433ms)
				LogAssemblyErrors (0ms)
				InitializePlatformSupportModulesInManaged (22ms)
				SetLoadedEditorAssemblies (1ms)
				RefreshPlugins (1ms)
				BeforeProcessingInitializeOnLoad (325ms)
				ProcessInitializeOnLoadAttributes (981ms)
				ProcessInitializeOnLoadMethodAttributes (85ms)
				AfterProcessingInitializeOnLoad (18ms)
				EditorAssembliesLoaded (0ms)
			ExecutionOrderSort2 (0ms)
			AwakeInstancesAfterBackupRestoration (22ms)
Platform modules already initialized, skipping
Refreshing native plugins compatible for Editor in 3.97 ms, found 4 plugins.
Preloading 0 native plugins for Editor in 0.00 ms.
Unloading 3746 Unused Serialized files (Serialized files now loaded: 0)
Unloading 27 unused Assets / (152.3 KB). Loaded Objects now: 4244.
Memory consumption went from 148.2 MB to 148.0 MB.
Total: 4.368700 ms (FindLiveObjects: 0.318200 ms CreateObjectMapping: 0.218100 ms MarkObjects: 3.662300 ms  DeleteObjects: 0.168900 ms)

AssetImportParameters requested are different than current active one (requested -> active):
  custom:video-decoder-ogg-theora: a1e56fd34408186e4bbccfd4996cb3dc -> 
  custom:container-muxer-webm: aa71ff27fc2769a1b78a27578f13a17b -> 
  custom:container-demuxer-webm: 4f35f7cbe854078d1ac9338744f61a02 -> 
  custom:video-encoder-webm-vp8: eb34c28f22e8b96e1ab97ce403110664 -> 
  custom:audio-encoder-webm-vorbis: bf7c407c2cedff20999df2af8eb42d56 -> 
  custom:framework-win-MediaFoundation: 216162199b28c13a410421893ffa2e32 -> 
  custom:container-demuxer-ogg: 62fdf1f143b41e24485cea50d1cbac27 -> 
  custom:video-decoder-webm-vp8: 9c59270c3fd7afecdb556c50c9e8de78 -> 
  custom:audio-decoder-ogg-vorbis: bf7c407c2cedff20999df2af8eb42d56 -> 
========================================================================
Received Prepare
Registering precompiled user dll's ...
Registered in 0.025081 seconds.
Begin MonoManager ReloadAssembly
Native extension for WindowsStandalone target not found
Refreshing native plugins compatible for Editor in 0.87 ms, found 4 plugins.
Preloading 0 native plugins for Editor in 0.00 ms.
Mono: successfully reloaded assembly
- Completed reload, in  2.287 seconds
Domain Reload Profiling:
	ReloadAssembly (2288ms)
		BeginReloadAssembly (378ms)
			ExecutionOrderSort (0ms)
			DisableScriptedObjects (53ms)
			BackupInstance (0ms)
			ReleaseScriptingObjects (0ms)
			CreateAndSetChildDomain (106ms)
		EndReloadAssembly (1672ms)
			LoadAssemblies (213ms)
			RebuildTransferFunctionScriptingTraits (0ms)
			SetupTypeCache (483ms)
			ReleaseScriptCaches (2ms)
			RebuildScriptCaches (100ms)
			SetupLoadedEditorAssemblies (774ms)
				LogAssemblyErrors (0ms)
				InitializePlatformSupportModulesInManaged (22ms)
				SetLoadedEditorAssemblies (1ms)
				RefreshPlugins (1ms)
				BeforeProcessingInitializeOnLoad (129ms)
				ProcessInitializeOnLoadAttributes (555ms)
				ProcessInitializeOnLoadMethodAttributes (52ms)
				AfterProcessingInitializeOnLoad (14ms)
				EditorAssembliesLoaded (0ms)
			ExecutionOrderSort2 (0ms)
			AwakeInstancesAfterBackupRestoration (17ms)
Platform modules already initialized, skipping
Refreshing native plugins compatible for Editor in 3.72 ms, found 4 plugins.
Preloading 0 native plugins for Editor in 0.00 ms.
Unloading 3746 Unused Serialized files (Serialized files now loaded: 0)
Unloading 27 unused Assets / (153.3 KB). Loaded Objects now: 4247.
Memory consumption went from 148.2 MB to 148.0 MB.
Total: 4.865100 ms (FindLiveObjects: 0.318100 ms CreateObjectMapping: 0.271700 ms MarkObjects: 4.124000 ms  DeleteObjects: 0.150000 ms)

AssetImportParameters requested are different than current active one (requested -> active):
  custom:video-decoder-ogg-theora: a1e56fd34408186e4bbccfd4996cb3dc -> 
  custom:container-muxer-webm: aa71ff27fc2769a1b78a27578f13a17b -> 
  custom:container-demuxer-webm: 4f35f7cbe854078d1ac9338744f61a02 -> 
  custom:video-encoder-webm-vp8: eb34c28f22e8b96e1ab97ce403110664 -> 
  custom:audio-encoder-webm-vorbis: bf7c407c2cedff20999df2af8eb42d56 -> 
  custom:framework-win-MediaFoundation: 216162199b28c13a410421893ffa2e32 -> 
  custom:container-demuxer-ogg: 62fdf1f143b41e24485cea50d1cbac27 -> 
  custom:video-decoder-webm-vp8: 9c59270c3fd7afecdb556c50c9e8de78 -> 
  custom:audio-decoder-ogg-vorbis: bf7c407c2cedff20999df2af8eb42d56 -> 
========================================================================
Received Import Request.
  Time since last request: 608.779515 seconds.
  path: Assets/Scripts/Tower.cs
  artifactKey: Guid(4bb315f3682f0434c94714e49aacb7e6) Importer(815301076,1909f56bfc062723c751e8b465ee728b)
Start importing Assets/Scripts/Tower.cs using Guid(4bb315f3682f0434c94714e49aacb7e6) Importer(815301076,1909f56bfc062723c751e8b465ee728b)  -> (artifact id: '0b2047f08bdcee68fe8bfb66a2ee5ab0') in 0.015107 seconds 
========================================================================
Received Import Request.
  Time since last request: 31.123125 seconds.
  path: Assets/Prefabs/TestPrefabs/S.prefab
  artifactKey: Guid(140086c473bf9a044aff0407a0be2f8c) Importer(815301076,1909f56bfc062723c751e8b465ee728b)
Start importing Assets/Prefabs/TestPrefabs/S.prefab using Guid(140086c473bf9a044aff0407a0be2f8c) Importer(815301076,1909f56bfc062723c751e8b465ee728b)  -> (artifact id: '1105ce05935eef05433936c3d3d009c8') in 0.100432 seconds 
========================================================================
Received Import Request.
  Time since last request: 28.163813 seconds.
  path: Assets/R_Assets/Animation/Foe - Skeleton.controller
  artifactKey: Guid(550d6d7bf824b414a945c21d38c416a4) Importer(815301076,1909f56bfc062723c751e8b465ee728b)
Start importing Assets/R_Assets/Animation/Foe - Skeleton.controller using Guid(550d6d7bf824b414a945c21d38c416a4) Importer(815301076,1909f56bfc062723c751e8b465ee728b)  -> (artifact id: '57257a634bae725ba8900030d6a825b6') in 0.013126 seconds 
========================================================================
Received Import Request.
  Time since last request: 0.878802 seconds.
  path: Assets/R_Assets/Animation/Foe - Skeleton.controller
  artifactKey: Guid(550d6d7bf824b414a945c21d38c416a4) Importer(815301076,1909f56bfc062723c751e8b465ee728b)
Start importing Assets/R_Assets/Animation/Foe - Skeleton.controller using Guid(550d6d7bf824b414a945c21d38c416a4) Importer(815301076,1909f56bfc062723c751e8b465ee728b)  -> (artifact id: 'e19062654f63014d0b062fcce4f68112') in 0.009758 seconds 
========================================================================
Received Import Request.
  Time since last request: 0.000022 seconds.
  path: Assets/Prefabs/TestPrefabs/S.prefab
  artifactKey: Guid(140086c473bf9a044aff0407a0be2f8c) Importer(815301076,1909f56bfc062723c751e8b465ee728b)
Start importing Assets/Prefabs/TestPrefabs/S.prefab using Guid(140086c473bf9a044aff0407a0be2f8c) Importer(815301076,1909f56bfc062723c751e8b465ee728b)  -> (artifact id: 'f616a88942872ed6e6a7329ae4c8fc9e') in 0.031041 seconds 
========================================================================
Received Import Request.
  Time since last request: 37.895482 seconds.
  path: Assets/Prefabs/TestPrefabs/Z.prefab
  artifactKey: Guid(b04f0d8f512a55b4aa34a36463c5161d) Importer(815301076,1909f56bfc062723c751e8b465ee728b)
Start importing Assets/Prefabs/TestPrefabs/Z.prefab using Guid(b04f0d8f512a55b4aa34a36463c5161d) Importer(815301076,1909f56bfc062723c751e8b465ee728b)  -> (artifact id: '25dff464077a7d5c57176ae1c7b06c6f') in 0.022668 seconds 
========================================================================
Received Import Request.
  Time since last request: 13.911832 seconds.
  path: Assets/Prefabs/TestPrefabs/S.prefab
  artifactKey: Guid(140086c473bf9a044aff0407a0be2f8c) Importer(815301076,1909f56bfc062723c751e8b465ee728b)
Start importing Assets/Prefabs/TestPrefabs/S.prefab using Guid(140086c473bf9a044aff0407a0be2f8c) Importer(815301076,1909f56bfc062723c751e8b465ee728b)  -> (artifact id: '60f4f8c4951fccad6cc0ba2bc6e41504') in 0.030739 seconds 
========================================================================
Received Prepare
Registering precompiled user dll's ...
Registered in 0.016304 seconds.
Begin MonoManager ReloadAssembly
Native extension for WindowsStandalone target not found
Refreshing native plugins compatible for Editor in 0.82 ms, found 4 plugins.
Preloading 0 native plugins for Editor in 0.00 ms.
Mono: successfully reloaded assembly
- Completed reload, in  2.473 seconds
Domain Reload Profiling:
	ReloadAssembly (2474ms)
		BeginReloadAssembly (396ms)
			ExecutionOrderSort (0ms)
			DisableScriptedObjects (24ms)
			BackupInstance (0ms)
			ReleaseScriptingObjects (0ms)
			CreateAndSetChildDomain (106ms)
		EndReloadAssembly (1881ms)
			LoadAssemblies (244ms)
			RebuildTransferFunctionScriptingTraits (0ms)
			SetupTypeCache (472ms)
			ReleaseScriptCaches (3ms)
			RebuildScriptCaches (78ms)
			SetupLoadedEditorAssemblies (1052ms)
				LogAssemblyErrors (0ms)
				InitializePlatformSupportModulesInManaged (21ms)
				SetLoadedEditorAssemblies (1ms)
				RefreshPlugins (1ms)
				BeforeProcessingInitializeOnLoad (181ms)
				ProcessInitializeOnLoadAttributes (765ms)
				ProcessInitializeOnLoadMethodAttributes (67ms)
				AfterProcessingInitializeOnLoad (17ms)
				EditorAssembliesLoaded (0ms)
			ExecutionOrderSort2 (0ms)
			AwakeInstancesAfterBackupRestoration (20ms)
Platform modules already initialized, skipping
Refreshing native plugins compatible for Editor in 6.97 ms, found 4 plugins.
Preloading 0 native plugins for Editor in 0.00 ms.
Unloading 3746 Unused Serialized files (Serialized files now loaded: 0)
Unloading 27 unused Assets / (152.3 KB). Loaded Objects now: 4250.
Memory consumption went from 148.2 MB to 148.1 MB.
Total: 5.999100 ms (FindLiveObjects: 0.450400 ms CreateObjectMapping: 0.326600 ms MarkObjects: 5.017900 ms  DeleteObjects: 0.202500 ms)

AssetImportParameters requested are different than current active one (requested -> active):
  custom:video-decoder-ogg-theora: a1e56fd34408186e4bbccfd4996cb3dc -> 
  custom:container-muxer-webm: aa71ff27fc2769a1b78a27578f13a17b -> 
  custom:container-demuxer-webm: 4f35f7cbe854078d1ac9338744f61a02 -> 
  custom:video-encoder-webm-vp8: eb34c28f22e8b96e1ab97ce403110664 -> 
  custom:audio-encoder-webm-vorbis: bf7c407c2cedff20999df2af8eb42d56 -> 
  custom:framework-win-MediaFoundation: 216162199b28c13a410421893ffa2e32 -> 
  custom:container-demuxer-ogg: 62fdf1f143b41e24485cea50d1cbac27 -> 
  custom:video-decoder-webm-vp8: 9c59270c3fd7afecdb556c50c9e8de78 -> 
  custom:audio-decoder-ogg-vorbis: bf7c407c2cedff20999df2af8eb42d56 -> 
========================================================================
Received Prepare
Registering precompiled user dll's ...
Registered in 0.015048 seconds.
Begin MonoManager ReloadAssembly
Native extension for WindowsStandalone target not found
Refreshing native plugins compatible for Editor in 1.13 ms, found 4 plugins.
Preloading 0 native plugins for Editor in 0.00 ms.
Mono: successfully reloaded assembly
- Completed reload, in  3.342 seconds
Domain Reload Profiling:
	ReloadAssembly (3346ms)
		BeginReloadAssembly (339ms)
			ExecutionOrderSort (0ms)
			DisableScriptedObjects (13ms)
			BackupInstance (0ms)
			ReleaseScriptingObjects (0ms)
			CreateAndSetChildDomain (94ms)
		EndReloadAssembly (2688ms)
			LoadAssemblies (290ms)
			RebuildTransferFunctionScriptingTraits (0ms)
			SetupTypeCache (702ms)
			ReleaseScriptCaches (3ms)
			RebuildScriptCaches (115ms)
			SetupLoadedEditorAssemblies (1424ms)
				LogAssemblyErrors (0ms)
				InitializePlatformSupportModulesInManaged (38ms)
				SetLoadedEditorAssemblies (1ms)
				RefreshPlugins (1ms)
				BeforeProcessingInitializeOnLoad (235ms)
				ProcessInitializeOnLoadAttributes (1045ms)
				ProcessInitializeOnLoadMethodAttributes (82ms)
				AfterProcessingInitializeOnLoad (20ms)
				EditorAssembliesLoaded (0ms)
			ExecutionOrderSort2 (0ms)
			AwakeInstancesAfterBackupRestoration (38ms)
Platform modules already initialized, skipping
Refreshing native plugins compatible for Editor in 5.56 ms, found 4 plugins.
Preloading 0 native plugins for Editor in 0.00 ms.
Unloading 3746 Unused Serialized files (Serialized files now loaded: 0)
Unloading 27 unused Assets / (152.1 KB). Loaded Objects now: 4253.
Memory consumption went from 148.2 MB to 148.1 MB.
Total: 6.082300 ms (FindLiveObjects: 0.407100 ms CreateObjectMapping: 0.282500 ms MarkObjects: 5.196000 ms  DeleteObjects: 0.194600 ms)

AssetImportParameters requested are different than current active one (requested -> active):
  custom:video-decoder-ogg-theora: a1e56fd34408186e4bbccfd4996cb3dc -> 
  custom:container-muxer-webm: aa71ff27fc2769a1b78a27578f13a17b -> 
  custom:container-demuxer-webm: 4f35f7cbe854078d1ac9338744f61a02 -> 
  custom:video-encoder-webm-vp8: eb34c28f22e8b96e1ab97ce403110664 -> 
  custom:audio-encoder-webm-vorbis: bf7c407c2cedff20999df2af8eb42d56 -> 
  custom:framework-win-MediaFoundation: 216162199b28c13a410421893ffa2e32 -> 
  custom:container-demuxer-ogg: 62fdf1f143b41e24485cea50d1cbac27 -> 
  custom:video-decoder-webm-vp8: 9c59270c3fd7afecdb556c50c9e8de78 -> 
  custom:audio-decoder-ogg-vorbis: bf7c407c2cedff20999df2af8eb42d56 -> 
========================================================================
Received Import Request.
  Time since last request: 41.470427 seconds.
  path: Assets/Prefabs/TestPrefabs/Bandit.prefab
  artifactKey: Guid(4c04664861bc3f045a7d8e33779fe2f6) Importer(815301076,1909f56bfc062723c751e8b465ee728b)
Start importing Assets/Prefabs/TestPrefabs/Bandit.prefab using Guid(4c04664861bc3f045a7d8e33779fe2f6) Importer(815301076,1909f56bfc062723c751e8b465ee728b)  -> (artifact id: '22d95b3d6564e590a9c326a4833191b0') in 0.091655 seconds 
========================================================================
Received Import Request.
  Time since last request: 15.155549 seconds.
  path: Assets/Prefabs/TestPrefabs/S.prefab
  artifactKey: Guid(140086c473bf9a044aff0407a0be2f8c) Importer(815301076,1909f56bfc062723c751e8b465ee728b)
Start importing Assets/Prefabs/TestPrefabs/S.prefab using Guid(140086c473bf9a044aff0407a0be2f8c) Importer(815301076,1909f56bfc062723c751e8b465ee728b)  -> (artifact id: '4c5ce7187347838c0213606d42f1984e') in 0.052450 seconds 
========================================================================
Received Import Request.
  Time since last request: 3.235351 seconds.
  path: Assets/Prefabs/TestPrefabs/Z.prefab
  artifactKey: Guid(b04f0d8f512a55b4aa34a36463c5161d) Importer(815301076,1909f56bfc062723c751e8b465ee728b)
Start importing Assets/Prefabs/TestPrefabs/Z.prefab using Guid(b04f0d8f512a55b4aa34a36463c5161d) Importer(815301076,1909f56bfc062723c751e8b465ee728b)  -> (artifact id: '1a13a4a00d121dd5edb45a7fc87e51c0') in 0.024258 seconds 
========================================================================
Received Prepare
Registering precompiled user dll's ...
Registered in 0.017881 seconds.
Begin MonoManager ReloadAssembly
Native extension for WindowsStandalone target not found
Refreshing native plugins compatible for Editor in 2.80 ms, found 4 plugins.
Preloading 0 native plugins for Editor in 0.00 ms.
Mono: successfully reloaded assembly
- Completed reload, in  3.228 seconds
Domain Reload Profiling:
	ReloadAssembly (3229ms)
		BeginReloadAssembly (289ms)
			ExecutionOrderSort (0ms)
			DisableScriptedObjects (13ms)
			BackupInstance (0ms)
			ReleaseScriptingObjects (0ms)
			CreateAndSetChildDomain (84ms)
		EndReloadAssembly (2681ms)
			LoadAssemblies (230ms)
			RebuildTransferFunctionScriptingTraits (0ms)
			SetupTypeCache (690ms)
			ReleaseScriptCaches (3ms)
			RebuildScriptCaches (154ms)
			SetupLoadedEditorAssemblies (1417ms)
				LogAssemblyErrors (0ms)
				InitializePlatformSupportModulesInManaged (44ms)
				SetLoadedEditorAssemblies (6ms)
				RefreshPlugins (3ms)
				BeforeProcessingInitializeOnLoad (228ms)
				ProcessInitializeOnLoadAttributes (1024ms)
				ProcessInitializeOnLoadMethodAttributes (87ms)
				AfterProcessingInitializeOnLoad (24ms)
				EditorAssembliesLoaded (0ms)
			ExecutionOrderSort2 (0ms)
			AwakeInstancesAfterBackupRestoration (19ms)
Platform modules already initialized, skipping
Refreshing native plugins compatible for Editor in 8.86 ms, found 4 plugins.
Preloading 0 native plugins for Editor in 0.00 ms.
Unloading 3746 Unused Serialized files (Serialized files now loaded: 0)
Unloading 27 unused Assets / (152.4 KB). Loaded Objects now: 4256.
Memory consumption went from 148.2 MB to 148.1 MB.
Total: 5.823700 ms (FindLiveObjects: 0.400200 ms CreateObjectMapping: 0.279300 ms MarkObjects: 4.913500 ms  DeleteObjects: 0.228900 ms)

AssetImportParameters requested are different than current active one (requested -> active):
  custom:video-decoder-ogg-theora: a1e56fd34408186e4bbccfd4996cb3dc -> 
  custom:container-muxer-webm: aa71ff27fc2769a1b78a27578f13a17b -> 
  custom:container-demuxer-webm: 4f35f7cbe854078d1ac9338744f61a02 -> 
  custom:video-encoder-webm-vp8: eb34c28f22e8b96e1ab97ce403110664 -> 
  custom:audio-encoder-webm-vorbis: bf7c407c2cedff20999df2af8eb42d56 -> 
  custom:framework-win-MediaFoundation: 216162199b28c13a410421893ffa2e32 -> 
  custom:container-demuxer-ogg: 62fdf1f143b41e24485cea50d1cbac27 -> 
  custom:video-decoder-webm-vp8: 9c59270c3fd7afecdb556c50c9e8de78 -> 
  custom:audio-decoder-ogg-vorbis: bf7c407c2cedff20999df2af8eb42d56 -> 
========================================================================
Received Import Request.
  Time since last request: 89.474993 seconds.
  path: Assets/R_Assets/Animation/Foe - Zombie 1.controller
  artifactKey: Guid(5ebf20a3ed9d01c4387182e894b102bc) Importer(815301076,1909f56bfc062723c751e8b465ee728b)
Start importing Assets/R_Assets/Animation/Foe - Zombie 1.controller using Guid(5ebf20a3ed9d01c4387182e894b102bc) Importer(815301076,1909f56bfc062723c751e8b465ee728b)  -> (artifact id: '9f3f63a223836e24d3a005731c1c02aa') in 0.038605 seconds 
========================================================================
Received Import Request.
  Time since last request: 0.370937 seconds.
  path: Assets/R_Assets/Animation/Foe - Zombie 1.controller
  artifactKey: Guid(5ebf20a3ed9d01c4387182e894b102bc) Importer(815301076,1909f56bfc062723c751e8b465ee728b)
Start importing Assets/R_Assets/Animation/Foe - Zombie 1.controller using Guid(5ebf20a3ed9d01c4387182e894b102bc) Importer(815301076,1909f56bfc062723c751e8b465ee728b)  -> (artifact id: '50546fdd2b2411d462eba99478beeef6') in 0.012455 seconds 
========================================================================
Received Import Request.
  Time since last request: 2.968147 seconds.
  path: Assets/Prefabs/TestPrefabs/Z.prefab
  artifactKey: Guid(b04f0d8f512a55b4aa34a36463c5161d) Importer(815301076,1909f56bfc062723c751e8b465ee728b)
Start importing Assets/Prefabs/TestPrefabs/Z.prefab using Guid(b04f0d8f512a55b4aa34a36463c5161d) Importer(815301076,1909f56bfc062723c751e8b465ee728b)  -> (artifact id: 'b006454463c36eec0e374e2b066ff6b7') in 0.076158 seconds 
========================================================================
Received Import Request.
  Time since last request: 109.436146 seconds.
  path: Assets/Prefabs/TestPrefabs/S.prefab
  artifactKey: Guid(140086c473bf9a044aff0407a0be2f8c) Importer(815301076,1909f56bfc062723c751e8b465ee728b)
Start importing Assets/Prefabs/TestPrefabs/S.prefab using Guid(140086c473bf9a044aff0407a0be2f8c) Importer(815301076,1909f56bfc062723c751e8b465ee728b)  -> (artifact id: 'e4a6c20880fb2d0d94288e3324d70b00') in 0.031008 seconds 
========================================================================
Received Prepare
Registering precompiled user dll's ...
Registered in 0.026357 seconds.
Begin MonoManager ReloadAssembly
Native extension for WindowsStandalone target not found
Refreshing native plugins compatible for Editor in 2.78 ms, found 4 plugins.
Preloading 0 native plugins for Editor in 0.00 ms.
Mono: successfully reloaded assembly
- Completed reload, in  3.101 seconds
Domain Reload Profiling:
	ReloadAssembly (3102ms)
		BeginReloadAssembly (398ms)
			ExecutionOrderSort (0ms)
			DisableScriptedObjects (16ms)
			BackupInstance (0ms)
			ReleaseScriptingObjects (0ms)
			CreateAndSetChildDomain (68ms)
		EndReloadAssembly (2372ms)
			LoadAssemblies (350ms)
			RebuildTransferFunctionScriptingTraits (0ms)
			SetupTypeCache (596ms)
			ReleaseScriptCaches (2ms)
			RebuildScriptCaches (96ms)
			SetupLoadedEditorAssemblies (1355ms)
				LogAssemblyErrors (0ms)
				InitializePlatformSupportModulesInManaged (52ms)
				SetLoadedEditorAssemblies (1ms)
				RefreshPlugins (3ms)
				BeforeProcessingInitializeOnLoad (213ms)
				ProcessInitializeOnLoadAttributes (966ms)
				ProcessInitializeOnLoadMethodAttributes (100ms)
				AfterProcessingInitializeOnLoad (18ms)
				EditorAssembliesLoaded (0ms)
			ExecutionOrderSort2 (0ms)
			AwakeInstancesAfterBackupRestoration (16ms)
Platform modules already initialized, skipping
Refreshing native plugins compatible for Editor in 6.56 ms, found 4 plugins.
Preloading 0 native plugins for Editor in 0.00 ms.
Unloading 3746 Unused Serialized files (Serialized files now loaded: 0)
Unloading 27 unused Assets / (152.2 KB). Loaded Objects now: 4259.
Memory consumption went from 148.3 MB to 148.1 MB.
Total: 9.067700 ms (FindLiveObjects: 2.310600 ms CreateObjectMapping: 1.454100 ms MarkObjects: 5.109500 ms  DeleteObjects: 0.191600 ms)

AssetImportParameters requested are different than current active one (requested -> active):
  custom:video-decoder-ogg-theora: a1e56fd34408186e4bbccfd4996cb3dc -> 
  custom:container-muxer-webm: aa71ff27fc2769a1b78a27578f13a17b -> 
  custom:container-demuxer-webm: 4f35f7cbe854078d1ac9338744f61a02 -> 
  custom:video-encoder-webm-vp8: eb34c28f22e8b96e1ab97ce403110664 -> 
  custom:audio-encoder-webm-vorbis: bf7c407c2cedff20999df2af8eb42d56 -> 
  custom:framework-win-MediaFoundation: 216162199b28c13a410421893ffa2e32 -> 
  custom:container-demuxer-ogg: 62fdf1f143b41e24485cea50d1cbac27 -> 
  custom:video-decoder-webm-vp8: 9c59270c3fd7afecdb556c50c9e8de78 -> 
  custom:audio-decoder-ogg-vorbis: bf7c407c2cedff20999df2af8eb42d56 -> 
========================================================================
Received Import Request.
  Time since last request: 14.643485 seconds.
  path: Assets/Prefabs/TestPrefabs/Z.prefab
  artifactKey: Guid(b04f0d8f512a55b4aa34a36463c5161d) Importer(815301076,1909f56bfc062723c751e8b465ee728b)
Start importing Assets/Prefabs/TestPrefabs/Z.prefab using Guid(b04f0d8f512a55b4aa34a36463c5161d) Importer(815301076,1909f56bfc062723c751e8b465ee728b)  -> (artifact id: 'd50f003ead160d2abdb2ee2da5e5025d') in 0.101342 seconds 
========================================================================
Received Import Request.
  Time since last request: 11.593822 seconds.
  path: Assets/Prefabs/TestPrefabs/S.prefab
  artifactKey: Guid(140086c473bf9a044aff0407a0be2f8c) Importer(815301076,1909f56bfc062723c751e8b465ee728b)
Start importing Assets/Prefabs/TestPrefabs/S.prefab using Guid(140086c473bf9a044aff0407a0be2f8c) Importer(815301076,1909f56bfc062723c751e8b465ee728b)  -> (artifact id: '2bbdb31e1c147ff0e4c30fd3c39f75ca') in 0.038222 seconds 
========================================================================
Received Prepare
Registering precompiled user dll's ...
Registered in 0.015131 seconds.
Begin MonoManager ReloadAssembly
Native extension for WindowsStandalone target not found
Refreshing native plugins compatible for Editor in 1.55 ms, found 4 plugins.
Preloading 0 native plugins for Editor in 0.00 ms.
Mono: successfully reloaded assembly
- Completed reload, in  3.085 seconds
Domain Reload Profiling:
	ReloadAssembly (3086ms)
		BeginReloadAssembly (313ms)
			ExecutionOrderSort (0ms)
			DisableScriptedObjects (20ms)
			BackupInstance (0ms)
			ReleaseScriptingObjects (0ms)
			CreateAndSetChildDomain (81ms)
		EndReloadAssembly (2491ms)
			LoadAssemblies (451ms)
			RebuildTransferFunctionScriptingTraits (0ms)
			SetupTypeCache (492ms)
			ReleaseScriptCaches (2ms)
			RebuildScriptCaches (154ms)
			SetupLoadedEditorAssemblies (1224ms)
				LogAssemblyErrors (0ms)
				InitializePlatformSupportModulesInManaged (38ms)
				SetLoadedEditorAssemblies (1ms)
				RefreshPlugins (2ms)
				BeforeProcessingInitializeOnLoad (193ms)
				ProcessInitializeOnLoadAttributes (848ms)
				ProcessInitializeOnLoadMethodAttributes (120ms)
				AfterProcessingInitializeOnLoad (22ms)
				EditorAssembliesLoaded (0ms)
			ExecutionOrderSort2 (0ms)
			AwakeInstancesAfterBackupRestoration (27ms)
Platform modules already initialized, skipping
Refreshing native plugins compatible for Editor in 4.00 ms, found 4 plugins.
Preloading 0 native plugins for Editor in 0.00 ms.
Unloading 3746 Unused Serialized files (Serialized files now loaded: 0)
Unloading 27 unused Assets / (152.3 KB). Loaded Objects now: 4262.
Memory consumption went from 148.3 MB to 148.2 MB.
Total: 11.144100 ms (FindLiveObjects: 0.395700 ms CreateObjectMapping: 0.328800 ms MarkObjects: 10.237800 ms  DeleteObjects: 0.179900 ms)

AssetImportParameters requested are different than current active one (requested -> active):
  custom:video-decoder-ogg-theora: a1e56fd34408186e4bbccfd4996cb3dc -> 
  custom:container-muxer-webm: aa71ff27fc2769a1b78a27578f13a17b -> 
  custom:container-demuxer-webm: 4f35f7cbe854078d1ac9338744f61a02 -> 
  custom:video-encoder-webm-vp8: eb34c28f22e8b96e1ab97ce403110664 -> 
  custom:audio-encoder-webm-vorbis: bf7c407c2cedff20999df2af8eb42d56 -> 
  custom:framework-win-MediaFoundation: 216162199b28c13a410421893ffa2e32 -> 
  custom:container-demuxer-ogg: 62fdf1f143b41e24485cea50d1cbac27 -> 
  custom:video-decoder-webm-vp8: 9c59270c3fd7afecdb556c50c9e8de78 -> 
  custom:audio-decoder-ogg-vorbis: bf7c407c2cedff20999df2af8eb42d56 -> 
========================================================================
Received Prepare
Registering precompiled user dll's ...
Registered in 0.016576 seconds.
Begin MonoManager ReloadAssembly
Native extension for WindowsStandalone target not found
Refreshing native plugins compatible for Editor in 1.13 ms, found 4 plugins.
Preloading 0 native plugins for Editor in 0.00 ms.
Mono: successfully reloaded assembly
- Completed reload, in  3.482 seconds
Domain Reload Profiling:
	ReloadAssembly (3484ms)
		BeginReloadAssembly (321ms)
			ExecutionOrderSort (0ms)
			DisableScriptedObjects (18ms)
			BackupInstance (0ms)
			ReleaseScriptingObjects (0ms)
			CreateAndSetChildDomain (87ms)
		EndReloadAssembly (2831ms)
			LoadAssemblies (249ms)
			RebuildTransferFunctionScriptingTraits (0ms)
			SetupTypeCache (792ms)
			ReleaseScriptCaches (3ms)
			RebuildScriptCaches (156ms)
			SetupLoadedEditorAssemblies (1465ms)
				LogAssemblyErrors (0ms)
				InitializePlatformSupportModulesInManaged (45ms)
				SetLoadedEditorAssemblies (1ms)
				RefreshPlugins (1ms)
				BeforeProcessingInitializeOnLoad (256ms)
				ProcessInitializeOnLoadAttributes (1058ms)
				ProcessInitializeOnLoadMethodAttributes (86ms)
				AfterProcessingInitializeOnLoad (17ms)
				EditorAssembliesLoaded (0ms)
			ExecutionOrderSort2 (0ms)
			AwakeInstancesAfterBackupRestoration (27ms)
Platform modules already initialized, skipping
Refreshing native plugins compatible for Editor in 7.28 ms, found 4 plugins.
Preloading 0 native plugins for Editor in 0.00 ms.
Unloading 3746 Unused Serialized files (Serialized files now loaded: 0)
Unloading 27 unused Assets / (152.2 KB). Loaded Objects now: 4265.
Memory consumption went from 148.3 MB to 148.2 MB.
Total: 8.035800 ms (FindLiveObjects: 0.491100 ms CreateObjectMapping: 0.924900 ms MarkObjects: 6.413000 ms  DeleteObjects: 0.205000 ms)

AssetImportParameters requested are different than current active one (requested -> active):
  custom:video-decoder-ogg-theora: a1e56fd34408186e4bbccfd4996cb3dc -> 
  custom:container-muxer-webm: aa71ff27fc2769a1b78a27578f13a17b -> 
  custom:container-demuxer-webm: 4f35f7cbe854078d1ac9338744f61a02 -> 
  custom:video-encoder-webm-vp8: eb34c28f22e8b96e1ab97ce403110664 -> 
  custom:audio-encoder-webm-vorbis: bf7c407c2cedff20999df2af8eb42d56 -> 
  custom:framework-win-MediaFoundation: 216162199b28c13a410421893ffa2e32 -> 
  custom:container-demuxer-ogg: 62fdf1f143b41e24485cea50d1cbac27 -> 
  custom:video-decoder-webm-vp8: 9c59270c3fd7afecdb556c50c9e8de78 -> 
  custom:audio-decoder-ogg-vorbis: bf7c407c2cedff20999df2af8eb42d56 -> 
========================================================================
Received Import Request.
  Time since last request: 64.175312 seconds.
  path: Assets/Prefabs/TestPrefabs/S.prefab
  artifactKey: Guid(140086c473bf9a044aff0407a0be2f8c) Importer(815301076,1909f56bfc062723c751e8b465ee728b)
Start importing Assets/Prefabs/TestPrefabs/S.prefab using Guid(140086c473bf9a044aff0407a0be2f8c) Importer(815301076,1909f56bfc062723c751e8b465ee728b)  -> (artifact id: '2bbdb31e1c147ff0e4c30fd3c39f75ca') in 0.156782 seconds 
========================================================================
Received Import Request.
  Time since last request: 39.784213 seconds.
  path: Assets/Prefabs/TestPrefabs/S.prefab
  artifactKey: Guid(140086c473bf9a044aff0407a0be2f8c) Importer(815301076,1909f56bfc062723c751e8b465ee728b)
Start importing Assets/Prefabs/TestPrefabs/S.prefab using Guid(140086c473bf9a044aff0407a0be2f8c) Importer(815301076,1909f56bfc062723c751e8b465ee728b)  -> (artifact id: '1edcfef986b4ba9c81792e2f23a649dd') in 0.041136 seconds 
========================================================================
Received Prepare
Registering precompiled user dll's ...
Registered in 0.028845 seconds.
Begin MonoManager ReloadAssembly
Native extension for WindowsStandalone target not found
Refreshing native plugins compatible for Editor in 1.06 ms, found 4 plugins.
Preloading 0 native plugins for Editor in 0.00 ms.
Mono: successfully reloaded assembly
- Completed reload, in  2.897 seconds
Domain Reload Profiling:
	ReloadAssembly (2898ms)
		BeginReloadAssembly (336ms)
			ExecutionOrderSort (0ms)
			DisableScriptedObjects (25ms)
			BackupInstance (0ms)
			ReleaseScriptingObjects (0ms)
			CreateAndSetChildDomain (97ms)
		EndReloadAssembly (2302ms)
			LoadAssemblies (214ms)
			RebuildTransferFunctionScriptingTraits (0ms)
			SetupTypeCache (499ms)
			ReleaseScriptCaches (2ms)
			RebuildScriptCaches (136ms)
			SetupLoadedEditorAssemblies (1320ms)
				LogAssemblyErrors (0ms)
				InitializePlatformSupportModulesInManaged (26ms)
				SetLoadedEditorAssemblies (1ms)
				RefreshPlugins (1ms)
				BeforeProcessingInitializeOnLoad (243ms)
				ProcessInitializeOnLoadAttributes (962ms)
				ProcessInitializeOnLoadMethodAttributes (69ms)
				AfterProcessingInitializeOnLoad (17ms)
				EditorAssembliesLoaded (0ms)
			ExecutionOrderSort2 (0ms)
			AwakeInstancesAfterBackupRestoration (24ms)
Platform modules already initialized, skipping
Refreshing native plugins compatible for Editor in 5.14 ms, found 4 plugins.
Preloading 0 native plugins for Editor in 0.00 ms.
Unloading 3746 Unused Serialized files (Serialized files now loaded: 0)
Unloading 27 unused Assets / (152.3 KB). Loaded Objects now: 4268.
Memory consumption went from 148.3 MB to 148.2 MB.
Total: 15.357000 ms (FindLiveObjects: 3.691800 ms CreateObjectMapping: 6.430900 ms MarkObjects: 4.984000 ms  DeleteObjects: 0.248200 ms)

AssetImportParameters requested are different than current active one (requested -> active):
  custom:video-decoder-ogg-theora: a1e56fd34408186e4bbccfd4996cb3dc -> 
  custom:container-muxer-webm: aa71ff27fc2769a1b78a27578f13a17b -> 
  custom:container-demuxer-webm: 4f35f7cbe854078d1ac9338744f61a02 -> 
  custom:video-encoder-webm-vp8: eb34c28f22e8b96e1ab97ce403110664 -> 
  custom:audio-encoder-webm-vorbis: bf7c407c2cedff20999df2af8eb42d56 -> 
  custom:framework-win-MediaFoundation: 216162199b28c13a410421893ffa2e32 -> 
  custom:container-demuxer-ogg: 62fdf1f143b41e24485cea50d1cbac27 -> 
  custom:video-decoder-webm-vp8: 9c59270c3fd7afecdb556c50c9e8de78 -> 
  custom:audio-decoder-ogg-vorbis: bf7c407c2cedff20999df2af8eb42d56 -> 
========================================================================
Received Prepare
Registering precompiled user dll's ...
Registered in 0.015915 seconds.
Begin MonoManager ReloadAssembly
Native extension for WindowsStandalone target not found
Refreshing native plugins compatible for Editor in 1.09 ms, found 4 plugins.
Preloading 0 native plugins for Editor in 0.00 ms.
Mono: successfully reloaded assembly
- Completed reload, in  3.440 seconds
Domain Reload Profiling:
	ReloadAssembly (3442ms)
		BeginReloadAssembly (380ms)
			ExecutionOrderSort (0ms)
			DisableScriptedObjects (16ms)
			BackupInstance (0ms)
			ReleaseScriptingObjects (0ms)
			CreateAndSetChildDomain (89ms)
		EndReloadAssembly (2724ms)
			LoadAssemblies (308ms)
			RebuildTransferFunctionScriptingTraits (0ms)
			SetupTypeCache (780ms)
			ReleaseScriptCaches (2ms)
			RebuildScriptCaches (154ms)
			SetupLoadedEditorAssemblies (1383ms)
				LogAssemblyErrors (0ms)
				InitializePlatformSupportModulesInManaged (42ms)
				SetLoadedEditorAssemblies (1ms)
				RefreshPlugins (1ms)
				BeforeProcessingInitializeOnLoad (213ms)
				ProcessInitializeOnLoadAttributes (999ms)
				ProcessInitializeOnLoadMethodAttributes (90ms)
				AfterProcessingInitializeOnLoad (36ms)
				EditorAssembliesLoaded (1ms)
			ExecutionOrderSort2 (0ms)
			AwakeInstancesAfterBackupRestoration (25ms)
Platform modules already initialized, skipping
Refreshing native plugins compatible for Editor in 12.67 ms, found 4 plugins.
Preloading 0 native plugins for Editor in 0.00 ms.
Unloading 3746 Unused Serialized files (Serialized files now loaded: 0)
Unloading 27 unused Assets / (152.2 KB). Loaded Objects now: 4271.
Memory consumption went from 148.3 MB to 148.2 MB.
Total: 5.861000 ms (FindLiveObjects: 0.391900 ms CreateObjectMapping: 0.269000 ms MarkObjects: 4.985500 ms  DeleteObjects: 0.213000 ms)

AssetImportParameters requested are different than current active one (requested -> active):
  custom:video-decoder-ogg-theora: a1e56fd34408186e4bbccfd4996cb3dc -> 
  custom:container-muxer-webm: aa71ff27fc2769a1b78a27578f13a17b -> 
  custom:container-demuxer-webm: 4f35f7cbe854078d1ac9338744f61a02 -> 
  custom:video-encoder-webm-vp8: eb34c28f22e8b96e1ab97ce403110664 -> 
  custom:audio-encoder-webm-vorbis: bf7c407c2cedff20999df2af8eb42d56 -> 
  custom:framework-win-MediaFoundation: 216162199b28c13a410421893ffa2e32 -> 
  custom:container-demuxer-ogg: 62fdf1f143b41e24485cea50d1cbac27 -> 
  custom:video-decoder-webm-vp8: 9c59270c3fd7afecdb556c50c9e8de78 -> 
  custom:audio-decoder-ogg-vorbis: bf7c407c2cedff20999df2af8eb42d56 -> 
========================================================================
Received Import Request.
  Time since last request: 24.245385 seconds.
  path: Assets/Prefabs/TestPrefabs/S.prefab
  artifactKey: Guid(140086c473bf9a044aff0407a0be2f8c) Importer(815301076,1909f56bfc062723c751e8b465ee728b)
Start importing Assets/Prefabs/TestPrefabs/S.prefab using Guid(140086c473bf9a044aff0407a0be2f8c) Importer(815301076,1909f56bfc062723c751e8b465ee728b)  -> (artifact id: 'e1458d73e65d95ec1f23388e52af6c3b') in 0.199585 seconds 
========================================================================
Received Import Request.
  Time since last request: 17.397249 seconds.
  path: Assets/Prefabs/TestPrefabs/S.prefab
  artifactKey: Guid(140086c473bf9a044aff0407a0be2f8c) Importer(815301076,1909f56bfc062723c751e8b465ee728b)
Start importing Assets/Prefabs/TestPrefabs/S.prefab using Guid(140086c473bf9a044aff0407a0be2f8c) Importer(815301076,1909f56bfc062723c751e8b465ee728b)  -> (artifact id: '13b432fabb81178aaae9af7dbdd05391') in 0.034859 seconds 
========================================================================
Received Import Request.
  Time since last request: 3.262004 seconds.
  path: Assets/Prefabs/TestPrefabs/Z.prefab
  artifactKey: Guid(b04f0d8f512a55b4aa34a36463c5161d) Importer(815301076,1909f56bfc062723c751e8b465ee728b)
Start importing Assets/Prefabs/TestPrefabs/Z.prefab using Guid(b04f0d8f512a55b4aa34a36463c5161d) Importer(815301076,1909f56bfc062723c751e8b465ee728b)  -> (artifact id: '6a40673b3151436a291b701a3ceda444') in 0.041739 seconds 
========================================================================
Received Prepare
Registering precompiled user dll's ...
Registered in 0.011520 seconds.
Begin MonoManager ReloadAssembly
Native extension for WindowsStandalone target not found
Refreshing native plugins compatible for Editor in 1.13 ms, found 4 plugins.
Preloading 0 native plugins for Editor in 0.00 ms.
Mono: successfully reloaded assembly
- Completed reload, in  3.866 seconds
Domain Reload Profiling:
	ReloadAssembly (3868ms)
		BeginReloadAssembly (437ms)
			ExecutionOrderSort (0ms)
			DisableScriptedObjects (16ms)
			BackupInstance (0ms)
			ReleaseScriptingObjects (0ms)
			CreateAndSetChildDomain (138ms)
		EndReloadAssembly (3099ms)
			LoadAssemblies (289ms)
			RebuildTransferFunctionScriptingTraits (0ms)
			SetupTypeCache (788ms)
			ReleaseScriptCaches (2ms)
			RebuildScriptCaches (149ms)
			SetupLoadedEditorAssemblies (1668ms)
				LogAssemblyErrors (0ms)
				InitializePlatformSupportModulesInManaged (53ms)
				SetLoadedEditorAssemblies (1ms)
				RefreshPlugins (1ms)
				BeforeProcessingInitializeOnLoad (275ms)
				ProcessInitializeOnLoadAttributes (1220ms)
				ProcessInitializeOnLoadMethodAttributes (96ms)
				AfterProcessingInitializeOnLoad (21ms)
				EditorAssembliesLoaded (0ms)
			ExecutionOrderSort2 (0ms)
			AwakeInstancesAfterBackupRestoration (37ms)
Platform modules already initialized, skipping
Refreshing native plugins compatible for Editor in 9.92 ms, found 4 plugins.
Preloading 0 native plugins for Editor in 0.00 ms.
Unloading 3746 Unused Serialized files (Serialized files now loaded: 0)
Unloading 27 unused Assets / (152.4 KB). Loaded Objects now: 4274.
Memory consumption went from 148.3 MB to 148.2 MB.
Total: 13.940000 ms (FindLiveObjects: 0.380500 ms CreateObjectMapping: 0.555400 ms MarkObjects: 12.772900 ms  DeleteObjects: 0.229500 ms)

AssetImportParameters requested are different than current active one (requested -> active):
  custom:video-decoder-ogg-theora: a1e56fd34408186e4bbccfd4996cb3dc -> 
  custom:container-muxer-webm: aa71ff27fc2769a1b78a27578f13a17b -> 
  custom:container-demuxer-webm: 4f35f7cbe854078d1ac9338744f61a02 -> 
  custom:video-encoder-webm-vp8: eb34c28f22e8b96e1ab97ce403110664 -> 
  custom:audio-encoder-webm-vorbis: bf7c407c2cedff20999df2af8eb42d56 -> 
  custom:framework-win-MediaFoundation: 216162199b28c13a410421893ffa2e32 -> 
  custom:container-demuxer-ogg: 62fdf1f143b41e24485cea50d1cbac27 -> 
  custom:video-decoder-webm-vp8: 9c59270c3fd7afecdb556c50c9e8de78 -> 
  custom:audio-decoder-ogg-vorbis: bf7c407c2cedff20999df2af8eb42d56 -> 
========================================================================
Received Import Request.
  Time since last request: 56.106699 seconds.
  path: Assets/Prefabs/TestPrefabs/S.prefab
  artifactKey: Guid(140086c473bf9a044aff0407a0be2f8c) Importer(815301076,1909f56bfc062723c751e8b465ee728b)
Start importing Assets/Prefabs/TestPrefabs/S.prefab using Guid(140086c473bf9a044aff0407a0be2f8c) Importer(815301076,1909f56bfc062723c751e8b465ee728b)  -> (artifact id: '13b432fabb81178aaae9af7dbdd05391') in 0.129441 seconds 
========================================================================
Received Prepare
Registering precompiled user dll's ...
Registered in 0.018918 seconds.
Begin MonoManager ReloadAssembly
Native extension for WindowsStandalone target not found
Refreshing native plugins compatible for Editor in 0.80 ms, found 4 plugins.
Preloading 0 native plugins for Editor in 0.00 ms.
Mono: successfully reloaded assembly
- Completed reload, in  2.511 seconds
Domain Reload Profiling:
	ReloadAssembly (2513ms)
		BeginReloadAssembly (262ms)
			ExecutionOrderSort (0ms)
			DisableScriptedObjects (14ms)
			BackupInstance (0ms)
			ReleaseScriptingObjects (0ms)
			CreateAndSetChildDomain (75ms)
		EndReloadAssembly (2035ms)
			LoadAssemblies (158ms)
			RebuildTransferFunctionScriptingTraits (0ms)
			SetupTypeCache (557ms)
			ReleaseScriptCaches (3ms)
			RebuildScriptCaches (107ms)
			SetupLoadedEditorAssemblies (1100ms)
				LogAssemblyErrors (0ms)
				InitializePlatformSupportModulesInManaged (23ms)
				SetLoadedEditorAssemblies (1ms)
				RefreshPlugins (1ms)
				BeforeProcessingInitializeOnLoad (201ms)
				ProcessInitializeOnLoadAttributes (798ms)
				ProcessInitializeOnLoadMethodAttributes (60ms)
				AfterProcessingInitializeOnLoad (16ms)
				EditorAssembliesLoaded (0ms)
			ExecutionOrderSort2 (0ms)
			AwakeInstancesAfterBackupRestoration (13ms)
Platform modules already initialized, skipping
Refreshing native plugins compatible for Editor in 4.00 ms, found 4 plugins.
Preloading 0 native plugins for Editor in 0.00 ms.
Unloading 3746 Unused Serialized files (Serialized files now loaded: 0)
Unloading 27 unused Assets / (152.3 KB). Loaded Objects now: 4277.
Memory consumption went from 148.4 MB to 148.2 MB.
Total: 5.403600 ms (FindLiveObjects: 0.416700 ms CreateObjectMapping: 0.292500 ms MarkObjects: 4.506700 ms  DeleteObjects: 0.185900 ms)

AssetImportParameters requested are different than current active one (requested -> active):
  custom:video-decoder-ogg-theora: a1e56fd34408186e4bbccfd4996cb3dc -> 
  custom:container-muxer-webm: aa71ff27fc2769a1b78a27578f13a17b -> 
  custom:container-demuxer-webm: 4f35f7cbe854078d1ac9338744f61a02 -> 
  custom:video-encoder-webm-vp8: eb34c28f22e8b96e1ab97ce403110664 -> 
  custom:audio-encoder-webm-vorbis: bf7c407c2cedff20999df2af8eb42d56 -> 
  custom:framework-win-MediaFoundation: 216162199b28c13a410421893ffa2e32 -> 
  custom:container-demuxer-ogg: 62fdf1f143b41e24485cea50d1cbac27 -> 
  custom:video-decoder-webm-vp8: 9c59270c3fd7afecdb556c50c9e8de78 -> 
  custom:audio-decoder-ogg-vorbis: bf7c407c2cedff20999df2af8eb42d56 -> 
========================================================================
Received Prepare
Registering precompiled user dll's ...
Registered in 0.015328 seconds.
Begin MonoManager ReloadAssembly
Native extension for WindowsStandalone target not found
Refreshing native plugins compatible for Editor in 2.19 ms, found 4 plugins.
Preloading 0 native plugins for Editor in 0.00 ms.
Mono: successfully reloaded assembly
- Completed reload, in  3.335 seconds
Domain Reload Profiling:
	ReloadAssembly (3336ms)
		BeginReloadAssembly (320ms)
			ExecutionOrderSort (0ms)
			DisableScriptedObjects (14ms)
			BackupInstance (0ms)
			ReleaseScriptingObjects (0ms)
			CreateAndSetChildDomain (91ms)
		EndReloadAssembly (2675ms)
			LoadAssemblies (273ms)
			RebuildTransferFunctionScriptingTraits (0ms)
			SetupTypeCache (737ms)
			ReleaseScriptCaches (2ms)
			RebuildScriptCaches (116ms)
			SetupLoadedEditorAssemblies (1410ms)
				LogAssemblyErrors (0ms)
				InitializePlatformSupportModulesInManaged (40ms)
				SetLoadedEditorAssemblies (4ms)
				RefreshPlugins (2ms)
				BeforeProcessingInitializeOnLoad (217ms)
				ProcessInitializeOnLoadAttributes (1041ms)
				ProcessInitializeOnLoadMethodAttributes (86ms)
				AfterProcessingInitializeOnLoad (18ms)
				EditorAssembliesLoaded (0ms)
			ExecutionOrderSort2 (0ms)
			AwakeInstancesAfterBackupRestoration (25ms)
Platform modules already initialized, skipping
Refreshing native plugins compatible for Editor in 8.43 ms, found 4 plugins.
Preloading 0 native plugins for Editor in 0.00 ms.
Unloading 3746 Unused Serialized files (Serialized files now loaded: 0)
Unloading 27 unused Assets / (152.3 KB). Loaded Objects now: 4280.
Memory consumption went from 148.4 MB to 148.2 MB.
Total: 9.523700 ms (FindLiveObjects: 0.384000 ms CreateObjectMapping: 0.273100 ms MarkObjects: 8.119800 ms  DeleteObjects: 0.742500 ms)

AssetImportParameters requested are different than current active one (requested -> active):
  custom:video-decoder-ogg-theora: a1e56fd34408186e4bbccfd4996cb3dc -> 
  custom:container-muxer-webm: aa71ff27fc2769a1b78a27578f13a17b -> 
  custom:container-demuxer-webm: 4f35f7cbe854078d1ac9338744f61a02 -> 
  custom:video-encoder-webm-vp8: eb34c28f22e8b96e1ab97ce403110664 -> 
  custom:audio-encoder-webm-vorbis: bf7c407c2cedff20999df2af8eb42d56 -> 
  custom:framework-win-MediaFoundation: 216162199b28c13a410421893ffa2e32 -> 
  custom:container-demuxer-ogg: 62fdf1f143b41e24485cea50d1cbac27 -> 
  custom:video-decoder-webm-vp8: 9c59270c3fd7afecdb556c50c9e8de78 -> 
  custom:audio-decoder-ogg-vorbis: bf7c407c2cedff20999df2af8eb42d56 -> 
========================================================================
Received Import Request.
  Time since last request: 18.872004 seconds.
  path: Assets/Prefabs/TestPrefabs/Z.prefab
  artifactKey: Guid(b04f0d8f512a55b4aa34a36463c5161d) Importer(815301076,1909f56bfc062723c751e8b465ee728b)
Start importing Assets/Prefabs/TestPrefabs/Z.prefab using Guid(b04f0d8f512a55b4aa34a36463c5161d) Importer(815301076,1909f56bfc062723c751e8b465ee728b)  -> (artifact id: '53d401c514c030909209e0196a40efc9') in 0.183164 seconds 
