Using pre-set license
Built from '2021.3/staging' branch; Version is '2021.3.18f1 (3129e69bc0c7) revision 3221990'; Using compiler version '192829333'; Build Type 'Release'
OS: 'Windows 11  (10.0.22621) 64bit Core' Language: 'en' Physical Memory: 16226 MB
BatchMode: 1, IsHumanControllingUs: 0, StartBugReporterOnCrash: 0, Is64bit: 1, IsPro: 1

COMMAND LINE ARGUMENTS:
C:\Program Files\Unity\Hub\Editor\2021.3.18f1\Editor\Unity.exe
-adb2
-batchMode
-noUpm
-name
AssetImportWorker9
-projectPath
C:/Users/Taiki/Documents/GitHub/Experimental-Games/ExperimentalGames
-logFile
Logs/AssetImportWorker9.log
-srvPort
55654
Successfully changed project path to: C:/Users/Taiki/Documents/GitHub/Experimental-Games/ExperimentalGames
C:/Users/Taiki/Documents/GitHub/Experimental-Games/ExperimentalGames
[UnityMemory] Configuration Parameters - Can be set up in boot.config
    "memorysetup-bucket-allocator-granularity=16"
    "memorysetup-bucket-allocator-bucket-count=8"
    "memorysetup-bucket-allocator-block-size=33554432"
    "memorysetup-bucket-allocator-block-count=8"
    "memorysetup-main-allocator-block-size=16777216"
    "memorysetup-thread-allocator-block-size=16777216"
    "memorysetup-gfx-main-allocator-block-size=16777216"
    "memorysetup-gfx-thread-allocator-block-size=16777216"
    "memorysetup-cache-allocator-block-size=4194304"
    "memorysetup-typetree-allocator-block-size=2097152"
    "memorysetup-profiler-bucket-allocator-granularity=16"
    "memorysetup-profiler-bucket-allocator-bucket-count=8"
    "memorysetup-profiler-bucket-allocator-block-size=33554432"
    "memorysetup-profiler-bucket-allocator-block-count=8"
    "memorysetup-profiler-allocator-block-size=16777216"
    "memorysetup-profiler-editor-allocator-block-size=1048576"
    "memorysetup-temp-allocator-size-main=16777216"
    "memorysetup-job-temp-allocator-block-size=2097152"
    "memorysetup-job-temp-allocator-block-size-background=1048576"
    "memorysetup-job-temp-allocator-reduction-small-platforms=262144"
    "memorysetup-temp-allocator-size-background-worker=32768"
    "memorysetup-temp-allocator-size-job-worker=262144"
    "memorysetup-temp-allocator-size-preload-manager=33554432"
    "memorysetup-temp-allocator-size-nav-mesh-worker=65536"
    "memorysetup-temp-allocator-size-audio-worker=65536"
    "memorysetup-temp-allocator-size-cloud-worker=32768"
    "memorysetup-temp-allocator-size-gi-baking-worker=262144"
    "memorysetup-temp-allocator-size-gfx=262144"
Player connection [47572] Host "[IP] 192.168.1.3 [Port] 0 [Flags] 2 [Guid] 3594926142 [EditorId] 3594926142 [Version] 1048832 [Id] WindowsEditor(7,Mauis-Laptop) [Debug] 1 [PackageName] WindowsEditor [ProjectName] Editor" joined multi-casting on [225.0.0.222:54997]...

Player connection [47572] Host "[IP] 192.168.1.3 [Port] 0 [Flags] 2 [Guid] 3594926142 [EditorId] 3594926142 [Version] 1048832 [Id] WindowsEditor(7,Mauis-Laptop) [Debug] 1 [PackageName] WindowsEditor [ProjectName] Editor" joined alternative multi-casting on [225.0.0.222:34997]...

Refreshing native plugins compatible for Editor in 205.74 ms, found 4 plugins.
Preloading 0 native plugins for Editor in 0.00 ms.
Initialize engine version: 2021.3.18f1 (3129e69bc0c7)
[Subsystems] Discovering subsystems at path C:/Program Files/Unity/Hub/Editor/2021.3.18f1/Editor/Data/Resources/UnitySubsystems
[Subsystems] Discovering subsystems at path C:/Users/Taiki/Documents/GitHub/Experimental-Games/ExperimentalGames/Assets
GfxDevice: creating device client; threaded=0; jobified=0
Direct3D:
    Version:  Direct3D 11.0 [level 11.1]
    Renderer: NVIDIA GeForce GTX 1650 (ID=0x1f91)
    Vendor:   NVIDIA
    VRAM:     3962 MB
    Driver:   30.0.15.1165
Initialize mono
Mono path[0] = 'C:/Program Files/Unity/Hub/Editor/2021.3.18f1/Editor/Data/Managed'
Mono path[1] = 'C:/Program Files/Unity/Hub/Editor/2021.3.18f1/Editor/Data/MonoBleedingEdge/lib/mono/unityjit-win32'
Mono config path = 'C:/Program Files/Unity/Hub/Editor/2021.3.18f1/Editor/Data/MonoBleedingEdge/etc'
Using monoOptions --debugger-agent=transport=dt_socket,embedding=1,server=y,suspend=n,address=127.0.0.1:56000
Begin MonoManager ReloadAssembly
Registering precompiled unity dll's ...
Register platform support module: C:/Program Files/Unity/Hub/Editor/2021.3.18f1/Editor/Data/PlaybackEngines/WindowsStandaloneSupport/UnityEditor.WindowsStandalone.Extensions.dll
Registered in 0.006161 seconds.
Native extension for WindowsStandalone target not found
Refreshing native plugins compatible for Editor in 139.38 ms, found 4 plugins.
Preloading 0 native plugins for Editor in 0.00 ms.
Mono: successfully reloaded assembly
- Completed reload, in  0.791 seconds
Domain Reload Profiling:
	ReloadAssembly (792ms)
		BeginReloadAssembly (100ms)
			ExecutionOrderSort (0ms)
			DisableScriptedObjects (0ms)
			BackupInstance (0ms)
			ReleaseScriptingObjects (0ms)
			CreateAndSetChildDomain (1ms)
		EndReloadAssembly (558ms)
			LoadAssemblies (97ms)
			RebuildTransferFunctionScriptingTraits (0ms)
			SetupTypeCache (114ms)
			ReleaseScriptCaches (0ms)
			RebuildScriptCaches (40ms)
			SetupLoadedEditorAssemblies (346ms)
				LogAssemblyErrors (0ms)
				InitializePlatformSupportModulesInManaged (10ms)
				SetLoadedEditorAssemblies (0ms)
				RefreshPlugins (139ms)
				BeforeProcessingInitializeOnLoad (1ms)
				ProcessInitializeOnLoadAttributes (148ms)
				ProcessInitializeOnLoadMethodAttributes (46ms)
				AfterProcessingInitializeOnLoad (0ms)
				EditorAssembliesLoaded (0ms)
			ExecutionOrderSort2 (0ms)
			AwakeInstancesAfterBackupRestoration (0ms)
Platform modules already initialized, skipping
Registering precompiled user dll's ...
Registered in 0.009499 seconds.
Begin MonoManager ReloadAssembly
Native extension for WindowsStandalone target not found
Refreshing native plugins compatible for Editor in 97.91 ms, found 4 plugins.
Preloading 0 native plugins for Editor in 0.00 ms.
Mono: successfully reloaded assembly
- Completed reload, in  2.194 seconds
Domain Reload Profiling:
	ReloadAssembly (2195ms)
		BeginReloadAssembly (275ms)
			ExecutionOrderSort (0ms)
			DisableScriptedObjects (13ms)
			BackupInstance (0ms)
			ReleaseScriptingObjects (0ms)
			CreateAndSetChildDomain (45ms)
		EndReloadAssembly (1627ms)
			LoadAssemblies (217ms)
			RebuildTransferFunctionScriptingTraits (0ms)
			SetupTypeCache (584ms)
			ReleaseScriptCaches (1ms)
			RebuildScriptCaches (72ms)
			SetupLoadedEditorAssemblies (756ms)
				LogAssemblyErrors (0ms)
				InitializePlatformSupportModulesInManaged (5ms)
				SetLoadedEditorAssemblies (0ms)
				RefreshPlugins (98ms)
				BeforeProcessingInitializeOnLoad (117ms)
				ProcessInitializeOnLoadAttributes (484ms)
				ProcessInitializeOnLoadMethodAttributes (42ms)
				AfterProcessingInitializeOnLoad (10ms)
				EditorAssembliesLoaded (0ms)
			ExecutionOrderSort2 (0ms)
			AwakeInstancesAfterBackupRestoration (8ms)
Platform modules already initialized, skipping
========================================================================
Worker process is ready to serve import requests
Launched and connected shader compiler UnityShaderCompiler.exe after 0.05 seconds
Refreshing native plugins compatible for Editor in 0.85 ms, found 4 plugins.
Preloading 0 native plugins for Editor in 0.00 ms.
Unloading 3765 Unused Serialized files (Serialized files now loaded: 0)
Unloading 40 unused Assets / (185.7 KB). Loaded Objects now: 4221.
Memory consumption went from 145.6 MB to 145.4 MB.
Total: 5.208200 ms (FindLiveObjects: 0.319700 ms CreateObjectMapping: 0.227100 ms MarkObjects: 4.492800 ms  DeleteObjects: 0.167600 ms)

AssetImportParameters requested are different than current active one (requested -> active):
  custom:video-decoder-ogg-theora: a1e56fd34408186e4bbccfd4996cb3dc -> 
  custom:container-muxer-webm: aa71ff27fc2769a1b78a27578f13a17b -> 
  custom:container-demuxer-webm: 4f35f7cbe854078d1ac9338744f61a02 -> 
  custom:video-encoder-webm-vp8: eb34c28f22e8b96e1ab97ce403110664 -> 
  custom:audio-encoder-webm-vorbis: bf7c407c2cedff20999df2af8eb42d56 -> 
  custom:framework-win-MediaFoundation: 216162199b28c13a410421893ffa2e32 -> 
  custom:container-demuxer-ogg: 62fdf1f143b41e24485cea50d1cbac27 -> 
  custom:video-decoder-webm-vp8: 9c59270c3fd7afecdb556c50c9e8de78 -> 
  custom:audio-decoder-ogg-vorbis: bf7c407c2cedff20999df2af8eb42d56 -> 
========================================================================
Received Import Request.
  Time since last request: 81729.035639 seconds.
  path: Assets/Prefabs/TestPrefabs/Bandit.prefab
  artifactKey: Guid(4c04664861bc3f045a7d8e33779fe2f6) Importer(815301076,1909f56bfc062723c751e8b465ee728b)
Start importing Assets/Prefabs/TestPrefabs/Bandit.prefab using Guid(4c04664861bc3f045a7d8e33779fe2f6) Importer(815301076,1909f56bfc062723c751e8b465ee728b)  -> (artifact id: '4b00ef534e5c69f9900c418a8030c254') in 0.128442 seconds 
========================================================================
Received Import Request.
  Time since last request: 13.626854 seconds.
  path: Assets/Prefabs/TestPrefabs/Bandit.prefab
  artifactKey: Guid(4c04664861bc3f045a7d8e33779fe2f6) Importer(815301076,1909f56bfc062723c751e8b465ee728b)
Start importing Assets/Prefabs/TestPrefabs/Bandit.prefab using Guid(4c04664861bc3f045a7d8e33779fe2f6) Importer(815301076,1909f56bfc062723c751e8b465ee728b)  -> (artifact id: '7d4018d468a4f7975866edad850a0696') in 0.018468 seconds 
========================================================================
Received Import Request.
  Time since last request: 1.939949 seconds.
  path: Assets/Prefabs/TestPrefabs/Bandit.prefab
  artifactKey: Guid(4c04664861bc3f045a7d8e33779fe2f6) Importer(815301076,1909f56bfc062723c751e8b465ee728b)
Start importing Assets/Prefabs/TestPrefabs/Bandit.prefab using Guid(4c04664861bc3f045a7d8e33779fe2f6) Importer(815301076,1909f56bfc062723c751e8b465ee728b)  -> (artifact id: 'f9291fad3e6dd3ca1636e95fc3154989') in 0.009967 seconds 
========================================================================
Received Import Request.
  Time since last request: 19.752868 seconds.
  path: Assets/Prefabs/TestPrefabs/Pikeman.prefab
  artifactKey: Guid(6a4a592b85d005f498df11c06fdf92a5) Importer(815301076,1909f56bfc062723c751e8b465ee728b)
Start importing Assets/Prefabs/TestPrefabs/Pikeman.prefab using Guid(6a4a592b85d005f498df11c06fdf92a5) Importer(815301076,1909f56bfc062723c751e8b465ee728b)  -> (artifact id: 'fe66a739e78d3ed11a2763430bf08342') in 0.018490 seconds 
========================================================================
Received Import Request.
  Time since last request: 4.749059 seconds.
  path: Assets/Prefabs/TestPrefabs/Pikeman.prefab
  artifactKey: Guid(6a4a592b85d005f498df11c06fdf92a5) Importer(815301076,1909f56bfc062723c751e8b465ee728b)
Start importing Assets/Prefabs/TestPrefabs/Pikeman.prefab using Guid(6a4a592b85d005f498df11c06fdf92a5) Importer(815301076,1909f56bfc062723c751e8b465ee728b)  -> (artifact id: '72a99ec98becbebb1cdfd708fc2c0c88') in 0.020209 seconds 
========================================================================
Received Import Request.
  Time since last request: 6.179343 seconds.
  path: Assets/Prefabs/TestPrefabs/Pikeman.prefab
  artifactKey: Guid(6a4a592b85d005f498df11c06fdf92a5) Importer(815301076,1909f56bfc062723c751e8b465ee728b)
Start importing Assets/Prefabs/TestPrefabs/Pikeman.prefab using Guid(6a4a592b85d005f498df11c06fdf92a5) Importer(815301076,1909f56bfc062723c751e8b465ee728b)  -> (artifact id: 'fa0dcadb8a6a7acc8d4fd9178d4a1361') in 0.009366 seconds 
========================================================================
Received Import Request.
  Time since last request: 15.683332 seconds.
  path: Assets/Prefabs/TestPrefabs/Pikeman.prefab
  artifactKey: Guid(6a4a592b85d005f498df11c06fdf92a5) Importer(815301076,1909f56bfc062723c751e8b465ee728b)
Start importing Assets/Prefabs/TestPrefabs/Pikeman.prefab using Guid(6a4a592b85d005f498df11c06fdf92a5) Importer(815301076,1909f56bfc062723c751e8b465ee728b)  -> (artifact id: '1a2df4a3fd3453771b044aa0e0e9ce70') in 0.011712 seconds 
========================================================================
Received Import Request.
  Time since last request: 1.770957 seconds.
  path: Assets/Prefabs/TestPrefabs/Pikeman.prefab
  artifactKey: Guid(6a4a592b85d005f498df11c06fdf92a5) Importer(815301076,1909f56bfc062723c751e8b465ee728b)
Start importing Assets/Prefabs/TestPrefabs/Pikeman.prefab using Guid(6a4a592b85d005f498df11c06fdf92a5) Importer(815301076,1909f56bfc062723c751e8b465ee728b)  -> (artifact id: 'd877a48602c07dad26dbfc0a17e12b62') in 0.010689 seconds 
========================================================================
Received Import Request.
  Time since last request: 1.791443 seconds.
  path: Assets/Prefabs/TestPrefabs/Pikeman.prefab
  artifactKey: Guid(6a4a592b85d005f498df11c06fdf92a5) Importer(815301076,1909f56bfc062723c751e8b465ee728b)
Start importing Assets/Prefabs/TestPrefabs/Pikeman.prefab using Guid(6a4a592b85d005f498df11c06fdf92a5) Importer(815301076,1909f56bfc062723c751e8b465ee728b)  -> (artifact id: 'b3ffa98b85ee207a2a1e6644c744307d') in 0.012684 seconds 
========================================================================
Received Import Request.
  Time since last request: 3.728200 seconds.
  path: Assets/Prefabs/TestPrefabs/Pikeman.prefab
  artifactKey: Guid(6a4a592b85d005f498df11c06fdf92a5) Importer(815301076,1909f56bfc062723c751e8b465ee728b)
Start importing Assets/Prefabs/TestPrefabs/Pikeman.prefab using Guid(6a4a592b85d005f498df11c06fdf92a5) Importer(815301076,1909f56bfc062723c751e8b465ee728b)  -> (artifact id: '41b43d1e5614399aa2fd27d2bcfceeb3') in 0.011259 seconds 
========================================================================
Received Import Request.
  Time since last request: 12.457804 seconds.
  path: Assets/R_Assets/Prefabs/Units
  artifactKey: Guid(0c58f8d5f539ad547a7446a64dc2283a) Importer(815301076,1909f56bfc062723c751e8b465ee728b)
Start importing Assets/R_Assets/Prefabs/Units using Guid(0c58f8d5f539ad547a7446a64dc2283a) Importer(815301076,1909f56bfc062723c751e8b465ee728b)  -> (artifact id: '468de1ac7c88af3d349d6b9a39a6cd2b') in 0.007846 seconds 
========================================================================
Received Import Request.
  Time since last request: 0.030364 seconds.
  path: Assets/R_Assets/Prefabs/Units/Unit - Cleric.prefab
  artifactKey: Guid(b05b899616d803744b8587cde923ae42) Importer(815301076,1909f56bfc062723c751e8b465ee728b)
Start importing Assets/R_Assets/Prefabs/Units/Unit - Cleric.prefab using Guid(b05b899616d803744b8587cde923ae42) Importer(815301076,1909f56bfc062723c751e8b465ee728b)  -> (artifact id: '7ca40c6770025d7c9f565e5ff04b8207') in 0.031647 seconds 
========================================================================
Received Import Request.
  Time since last request: 0.000021 seconds.
  path: Assets/R_Assets/Prefabs/Units/Unit - Pikeman.prefab
  artifactKey: Guid(9a5e79cfeeb41a747b2a739ce13ba3b6) Importer(815301076,1909f56bfc062723c751e8b465ee728b)
Start importing Assets/R_Assets/Prefabs/Units/Unit - Pikeman.prefab using Guid(9a5e79cfeeb41a747b2a739ce13ba3b6) Importer(815301076,1909f56bfc062723c751e8b465ee728b)  -> (artifact id: 'e5dc0883b20746458b64a1aff80182f1') in 0.023701 seconds 
========================================================================
Received Import Request.
  Time since last request: 0.000039 seconds.
  path: Assets/R_Assets/Prefabs/Units/Unit - Magician.prefab
  artifactKey: Guid(206bf43c4a898544591f4bf342b25109) Importer(815301076,1909f56bfc062723c751e8b465ee728b)
Start importing Assets/R_Assets/Prefabs/Units/Unit - Magician.prefab using Guid(206bf43c4a898544591f4bf342b25109) Importer(815301076,1909f56bfc062723c751e8b465ee728b)  -> (artifact id: '897a10a27355649c6c1a3b349c114cee') in 0.024413 seconds 
Editor requested this worker to shutdown with reason: Scaling down because of idle timeout
AssetImportWorker is now disconnected from the server
Process exiting
Exiting without the bug reporter. Application will terminate with return code 0